Added Component: Designator=U5(SOT163-1_NEX)
Add component. Clean all parameters for all variants
Add component (AddParameter): Name = "Copyright"; Value = "Copyright (C) 2016 Accelerated Designs. All rights reserved"; VariantName = "[No Variations]"
Add component (AddParameter): Name = "Manufacturer_Part_Number"; Value = "74HC245D,652"; VariantName = "[No Variations]"
Add component (AddParameter): Name = "RefDes"; Value = "RefDes"; VariantName = "[No Variations]"
Add component (AddParameter): Name = "SourceLibrary"; Value = "Nexperia_2018-05-2018"; VariantName = "[No Variations]"
Add component (AddParameter): Name = "Type"; Value = "DEV"; VariantName = "[No Variations]"
Add component (AddParameter): Name = "Vendor"; Value = "Nexperia"; VariantName = "[No Variations]"
Added Pin To Net: NetName=VCC_245 Pin=U5-1
Added Pin To Net: NetName=NetU1_10 Pin=U5-2
Added Pin To Net: NetName=NetU1_3 Pin=U5-3
Added Pin To Net: NetName=NetU1_11 Pin=U5-4
Added Pin To Net: NetName=NetU1_5 Pin=U5-5
Added Pin To Net: NetName=NetU1_4 Pin=U5-6
Added Pin To Net: NetName=NetU1_6 Pin=U5-7
Added Pin To Net: NetName=GND Pin=U5-10
Added Pin To Net: NetName=MTR2_ENB Pin=U5-13
Added Pin To Net: NetName=MTR1_ENB Pin=U5-14
Added Pin To Net: NetName=MTR2_DIR Pin=U5-15
Added Pin To Net: NetName=MTR2_PWM Pin=U5-16
Added Pin To Net: NetName=MTR1_DIR Pin=U5-17
Added Pin To Net: NetName=MTR1_PWM Pin=U5-18
Added Pin To Net: NetName=GND Pin=U5-19
Added Pin To Net: NetName=VCC_245 Pin=U5-20
Added Member To Class: ClassName=Motor_Controller Member=Component U5 74HC245D,652
