Added Component: Designator=M1(IC_DRV8825_STEPPER_MOTOR_DRIVER_CARRIER)
Add component. Clean all parameters for all variants
Added Component: Designator=M2(IC_DRV8825_STEPPER_MOTOR_DRIVER_CARRIER)
Add component. Clean all parameters for all variants
Added Pin To Net: NetName=MTR1_ENB Pin=M1-1
Added Pin To Net: NetName=3V3_MC Pin=M1-5
Added Pin To Net: NetName=3V3_MC Pin=M1-6
Added Pin To Net: NetName=MTR1_PWM Pin=M1-7
Added Pin To Net: NetName=MTR1_DIR Pin=M1-8
Added Pin To Net: NetName=GND Pin=M1-9
Added Pin To Net: NetName=MTR1_A2 Pin=M1-11
Added Pin To Net: NetName=MTR1_A1 Pin=M1-12
Added Pin To Net: NetName=MTR1_B1 Pin=M1-13
Added Pin To Net: NetName=MTR1_B2 Pin=M1-14
Added Pin To Net: NetName=GND Pin=M1-15
Added Pin To Net: NetName=12V_STEP Pin=M1-16
Added Pin To Net: NetName=MTR2_ENB Pin=M2-1
Added Pin To Net: NetName=3V3_MC Pin=M2-5
Added Pin To Net: NetName=3V3_MC Pin=M2-6
Added Pin To Net: NetName=MTR2_PWM Pin=M2-7
Added Pin To Net: NetName=MTR2_DIR Pin=M2-8
Added Pin To Net: NetName=GND Pin=M2-9
Added Pin To Net: NetName=MTR2_A2 Pin=M2-11
Added Pin To Net: NetName=MTR2_A1 Pin=M2-12
Added Pin To Net: NetName=MTR2_B1 Pin=M2-13
Added Pin To Net: NetName=MTR2_B2 Pin=M2-14
Added Pin To Net: NetName=GND Pin=M2-15
Added Pin To Net: NetName=12V_STEP Pin=M2-16
Added Pin To Net: NetName=NetM1_2 Pin=M1-2
Added Pin To Net: NetName=NetM1_2 Pin=R11-2
Added Net: Name=NetM1_2
Added Pin To Net: NetName=NetM1_3 Pin=M1-3
Added Pin To Net: NetName=NetM1_3 Pin=R12-2
Added Net: Name=NetM1_3
Added Pin To Net: NetName=NetM1_4 Pin=M1-4
Added Pin To Net: NetName=NetM1_4 Pin=R13-2
Added Net: Name=NetM1_4
Added Pin To Net: NetName=NetM2_2 Pin=M2-2
Added Pin To Net: NetName=NetM2_2 Pin=R14-2
Added Net: Name=NetM2_2
Added Pin To Net: NetName=NetM2_3 Pin=M2-3
Added Pin To Net: NetName=NetM2_3 Pin=R15-2
Added Net: Name=NetM2_3
Added Pin To Net: NetName=NetM2_4 Pin=M2-4
Added Pin To Net: NetName=NetM2_4 Pin=R16-2
Added Net: Name=NetM2_4
Added Member To Class: ClassName=Motor_Controller Member=Component M1 DRV8825
Added Member To Class: ClassName=Motor_Controller Member=Component M2 DRV8825
