Removed Pin From Net: NetName=12V_STEP Pin=C20-1
Removed Pin From Net: NetName=GND Pin=C20-2
Removed Pin From Net: NetName=12V_STEP Pin=C21-1
Removed Pin From Net: NetName=GND Pin=C21-2
Removed Pin From Net: NetName=SWDIO Pin=P2-1
Removed Pin From Net: NetName=SWCLK Pin=P2-2
Removed Pin From Net: NetName=GND Pin=P2-3
Removed Pin From Net: NetName=12V Pin=P8-1
Removed Pin From Net: NetName=12V_STEP Pin=P8-2
Removed Pin From Net: NetName=12V Pin=P9-1
Removed Pin From Net: NetName=12V_STEP Pin=P9-2
Removed Pin From Net: NetName=3V3_MC Pin=P10-1
Removed Pin From Net: NetName=VCC_245 Pin=P10-2
Removed Pin From Net: NetName=GND Pin=P10-3
Removed Pin From Net: NetName=MTR1_A1 Pin=P11-1
Removed Pin From Net: NetName=MTR1_A2 Pin=P11-2
Removed Pin From Net: NetName=MTR1_B1 Pin=P11-3
Removed Pin From Net: NetName=MTR1_B2 Pin=P11-4
Removed Pin From Net: NetName=MTR2_A1 Pin=P12-1
Removed Pin From Net: NetName=MTR2_A2 Pin=P12-2
Removed Pin From Net: NetName=MTR2_B1 Pin=P12-3
Removed Pin From Net: NetName=MTR2_B2 Pin=P12-4
Removed Pin From Net: NetName=MTR1_PWM Pin=P13-1
Removed Pin From Net: NetName=GND Pin=P13-3
Removed Pin From Net: NetName=MTR2_PWM Pin=P14-1
Removed Pin From Net: NetName=MTR2_DIR Pin=P14-2
Removed Pin From Net: NetName=GND Pin=P14-3
Removed Member From Class: ClassName=Motor_Controller Member=C21
Change Component Designator: OldDesignator=C13 NewDesignator=C15
Change Component Designator: OldDesignator=C15 NewDesignator=C13
Change Component Designator: OldDesignator=C16 NewDesignator=C14
Change Component Designator: OldDesignator=C17 NewDesignator=C16
Change Component Designator: OldDesignator=C18 NewDesignator=C17
Change Component Designator: OldDesignator=C19 NewDesignator=C18
Change Component Designator: OldDesignator=P? NewDesignator=P3
Change Component Designator: OldDesignator=P? NewDesignator=P4
Change Component Designator: OldDesignator=P? NewDesignator=P5
Change Component Designator: OldDesignator=Q3 NewDesignator=Q2
Change Component Designator: OldDesignator=R8 NewDesignator=R7
Change Component Designator: OldDesignator=R10 NewDesignator=R8
Change Component Designator: OldDesignator=R11 NewDesignator=R9
Change Component Designator: OldDesignator=R12 NewDesignator=R10
Change Component Designator: OldDesignator=R13 NewDesignator=R11
Change Component Designator: OldDesignator=R14 NewDesignator=R12
Change Component Designator: OldDesignator=R15 NewDesignator=R13
Change Component Designator: OldDesignator=R16 NewDesignator=R14
Change Component Designator: OldDesignator=U3 NewDesignator=U2
Change Component Designator: OldDesignator=U4 NewDesignator=U3
Change Component Designator: OldDesignator=U5 NewDesignator=U4
Added Component: Designator=C19(CAP-SM-AL-SIZE-D-D6L6)
Add component. Clean all parameters for all variants
Add component (AddParameter): Name = "Local Supplier"; Value = "thegioiic"; VariantName = "[No Variations]"
Add component (AddParameter): Name = "Local Supplier Link"; Value = "https://thegioiic.com/products/tu-nhom-smd-100uf-16v-d6-3l5-4"; VariantName = "[No Variations]"
Add component (AddParameter): Name = "Manufacturer"; Value = "Nichicon"; VariantName = "[No Variations]"
Add component (AddParameter): Name = "Manufacturer Part Number"; Value = "UWX1C101MCL1GB"; VariantName = "[No Variations]"
Add component (AddParameter): Name = "Supplier 1"; Value = "Digikey"; VariantName = "[No Variations]"
Add component (AddParameter): Name = "Supplier 1 Link"; Value = "https://www.digikey.com/product-detail/en/nichicon/UWX1C101MCL1GB/493-2105-1-ND/590080"; VariantName = "[No Variations]"
Add component (AddParameter): Name = "Supplier 1 Part Number"; Value = "493-2105-1-ND"; VariantName = "[No Variations]"
Add component (AddParameter): Name = "Value"; Value = "100uF/16V"; VariantName = "[No Variations]"
Added Component: Designator=C20(CAP-SM-AL-SIZE-D-D6L6)
Add component. Clean all parameters for all variants
Add component (AddParameter): Name = "Local Supplier"; Value = "thegioiic"; VariantName = "[No Variations]"
Add component (AddParameter): Name = "Local Supplier Link"; Value = "https://thegioiic.com/products/tu-nhom-smd-100uf-16v-d6-3l5-4"; VariantName = "[No Variations]"
Add component (AddParameter): Name = "Manufacturer"; Value = "Nichicon"; VariantName = "[No Variations]"
Add component (AddParameter): Name = "Manufacturer Part Number"; Value = "UWX1C101MCL1GB"; VariantName = "[No Variations]"
Add component (AddParameter): Name = "Supplier 1"; Value = "Digikey"; VariantName = "[No Variations]"
Add component (AddParameter): Name = "Supplier 1 Link"; Value = "https://www.digikey.com/product-detail/en/nichicon/UWX1C101MCL1GB/493-2105-1-ND/590080"; VariantName = "[No Variations]"
Add component (AddParameter): Name = "Supplier 1 Part Number"; Value = "493-2105-1-ND"; VariantName = "[No Variations]"
Add component (AddParameter): Name = "Value"; Value = "100uF/16V"; VariantName = "[No Variations]"
Added Component: Designator=P2(JP3)
Add component. Clean all parameters for all variants
Add component (AddParameter): Name = "LatestRevisionDate"; Value = "17-Jul-2002"; VariantName = "[No Variations]"
Add component (AddParameter): Name = "LatestRevisionNote"; Value = "Re-released for DXP Platform."; VariantName = "[No Variations]"
Add component (AddParameter): Name = "Publisher"; Value = "Altium Limited"; VariantName = "[No Variations]"
Added Component: Designator=P8(JP2)
Add component. Clean all parameters for all variants
Add component (AddParameter): Name = "LatestRevisionDate"; Value = "17-Jul-2002"; VariantName = "[No Variations]"
Add component (AddParameter): Name = "LatestRevisionNote"; Value = "Re-released for DXP Platform."; VariantName = "[No Variations]"
Add component (AddParameter): Name = "Publisher"; Value = "Altium Limited"; VariantName = "[No Variations]"
Added Component: Designator=P9(JP2)
Add component. Clean all parameters for all variants
Add component (AddParameter): Name = "LatestRevisionDate"; Value = "17-Jul-2002"; VariantName = "[No Variations]"
Add component (AddParameter): Name = "LatestRevisionNote"; Value = "Re-released for DXP Platform."; VariantName = "[No Variations]"
Add component (AddParameter): Name = "Publisher"; Value = "Altium Limited"; VariantName = "[No Variations]"
Added Component: Designator=P10(JP3)
Add component. Clean all parameters for all variants
Add component (AddParameter): Name = "LatestRevisionDate"; Value = "17-Jul-2002"; VariantName = "[No Variations]"
Add component (AddParameter): Name = "LatestRevisionNote"; Value = "Re-released for DXP Platform."; VariantName = "[No Variations]"
Add component (AddParameter): Name = "Publisher"; Value = "Altium Limited"; VariantName = "[No Variations]"
Added Component: Designator=P12(691322310004)
Add component. Clean all parameters for all variants
Add component (AddParameter): Name = "Application"; Value = "Pluggable"; VariantName = "[No Variations]"
Add component (AddParameter): Name = "Compliance"; Value = "RoHS"; VariantName = "[No Variations]"
Add component (AddParameter): Name = "ComponentLink1Description"; Value = "Manufacturer"; VariantName = "[No Variations]"
Add component (AddParameter): Name = "ComponentLink1URL"; Value = "http://www.we-online.de"; VariantName = "[No Variations]"
Add component (AddParameter): Name = "ComponentLink2Description"; Value = "Datasheet"; VariantName = "[No Variations]"
Add component (AddParameter): Name = "ComponentLink2URL"; Value = "https://katalog.we-online.de/em/datasheet/691322310004.pdf"; VariantName = "[No Variations]"
Add component (AddParameter): Name = "Modularity"; Value = "No"; VariantName = "[No Variations]"
Add component (AddParameter): Name = "Mounting Technology"; Value = "THT"; VariantName = "[No Variations]"
Add component (AddParameter): Name = "Operating Temperature"; Value = "-40 to +105degC"; VariantName = "[No Variations]"
Add component (AddParameter): Name = "Packaging"; Value = "Box"; VariantName = "[No Variations]"
Add component (AddParameter): Name = "Part Number"; Value = "691322310004"; VariantName = "[No Variations]"
Add component (AddParameter): Name = "PCB/Cable/Panel"; Value = "PCB"; VariantName = "[No Variations]"
Add component (AddParameter): Name = "Pin Number"; Value = "4"; VariantName = "[No Variations]"
Add component (AddParameter): Name = "Pitch"; Value = "3.81mm"; VariantName = "[No Variations]"
Add component (AddParameter): Name = "Published Date"; Value = "October 2019"; VariantName = "[No Variations]"
Add component (AddParameter): Name = "Publisher"; Value = "Wurth Elektronik"; VariantName = "[No Variations]"
Add component (AddParameter): Name = "Rated Current [UL]"; Value = "10A"; VariantName = "[No Variations]"
Add component (AddParameter): Name = "Type"; Value = "Horizontal"; VariantName = "[No Variations]"
Add component (AddParameter): Name = "Working Voltage [UL]"; Value = "300VAC"; VariantName = "[No Variations]"
Added Component: Designator=P13(JP3)
Add component. Clean all parameters for all variants
Add component (AddParameter): Name = "LatestRevisionDate"; Value = "17-Jul-2002"; VariantName = "[No Variations]"
Add component (AddParameter): Name = "LatestRevisionNote"; Value = "Re-released for DXP Platform."; VariantName = "[No Variations]"
Add component (AddParameter): Name = "Publisher"; Value = "Altium Limited"; VariantName = "[No Variations]"
Added Component: Designator=P14(JP3)
Add component. Clean all parameters for all variants
Add component (AddParameter): Name = "LatestRevisionDate"; Value = "17-Jul-2002"; VariantName = "[No Variations]"
Add component (AddParameter): Name = "LatestRevisionNote"; Value = "Re-released for DXP Platform."; VariantName = "[No Variations]"
Add component (AddParameter): Name = "Publisher"; Value = "Altium Limited"; VariantName = "[No Variations]"
Added Component: Designator=P15(JP3)
Add component. Clean all parameters for all variants
Add component (AddParameter): Name = "LatestRevisionDate"; Value = "17-Jul-2002"; VariantName = "[No Variations]"
Add component (AddParameter): Name = "LatestRevisionNote"; Value = "Re-released for DXP Platform."; VariantName = "[No Variations]"
Add component (AddParameter): Name = "Publisher"; Value = "Altium Limited"; VariantName = "[No Variations]"
Added Component: Designator=P16(JP3)
Add component. Clean all parameters for all variants
Add component (AddParameter): Name = "LatestRevisionDate"; Value = "17-Jul-2002"; VariantName = "[No Variations]"
Add component (AddParameter): Name = "LatestRevisionNote"; Value = "Re-released for DXP Platform."; VariantName = "[No Variations]"
Add component (AddParameter): Name = "Publisher"; Value = "Altium Limited"; VariantName = "[No Variations]"
Added Component: Designator=P17(JP3)
Add component. Clean all parameters for all variants
Add component (AddParameter): Name = "LatestRevisionDate"; Value = "17-Jul-2002"; VariantName = "[No Variations]"
Add component (AddParameter): Name = "LatestRevisionNote"; Value = "Re-released for DXP Platform."; VariantName = "[No Variations]"
Add component (AddParameter): Name = "Publisher"; Value = "Altium Limited"; VariantName = "[No Variations]"
Added Component: Designator=P18(JP3)
Add component. Clean all parameters for all variants
Add component (AddParameter): Name = "LatestRevisionDate"; Value = "17-Jul-2002"; VariantName = "[No Variations]"
Add component (AddParameter): Name = "LatestRevisionNote"; Value = "Re-released for DXP Platform."; VariantName = "[No Variations]"
Add component (AddParameter): Name = "Publisher"; Value = "Altium Limited"; VariantName = "[No Variations]"
Added Component: Designator=P19(JP3)
Add component. Clean all parameters for all variants
Add component (AddParameter): Name = "LatestRevisionDate"; Value = "17-Jul-2002"; VariantName = "[No Variations]"
Add component (AddParameter): Name = "LatestRevisionNote"; Value = "Re-released for DXP Platform."; VariantName = "[No Variations]"
Add component (AddParameter): Name = "Publisher"; Value = "Altium Limited"; VariantName = "[No Variations]"
Added Component: Designator=P20(JP3)
Add component. Clean all parameters for all variants
Add component (AddParameter): Name = "LatestRevisionDate"; Value = "17-Jul-2002"; VariantName = "[No Variations]"
Add component (AddParameter): Name = "LatestRevisionNote"; Value = "Re-released for DXP Platform."; VariantName = "[No Variations]"
Add component (AddParameter): Name = "Publisher"; Value = "Altium Limited"; VariantName = "[No Variations]"
Added Pin To Net: NetName=12V_STEP Pin=C19-1
Added Pin To Net: NetName=GND Pin=C19-2
Added Pin To Net: NetName=12V_STEP Pin=C20-1
Added Pin To Net: NetName=GND Pin=C20-2
Added Pin To Net: NetName=SWDIO Pin=P2-1
Added Pin To Net: NetName=SWCLK Pin=P2-2
Added Pin To Net: NetName=GND Pin=P2-3
Added Pin To Net: NetName=12V Pin=P8-1
Added Pin To Net: NetName=12V_STEP Pin=P8-2
Added Pin To Net: NetName=12V Pin=P9-1
Added Pin To Net: NetName=12V_STEP Pin=P9-2
Added Pin To Net: NetName=3V3_MC Pin=P10-1
Added Pin To Net: NetName=VCC_245 Pin=P10-2
Added Pin To Net: NetName=GND Pin=P10-3
Added Pin To Net: NetName=MTR1_A1 Pin=P13-1
Added Pin To Net: NetName=MTR1_PWM Pin=P13-3
Added Pin To Net: NetName=MTR1_A2 Pin=P14-1
Added Pin To Net: NetName=MTR1_DIR Pin=P14-3
Added Pin To Net: NetName=MTR1_B1 Pin=P15-1
Added Pin To Net: NetName=GND Pin=P15-3
Added Pin To Net: NetName=MTR1_B2 Pin=P16-1
Added Pin To Net: NetName=GND Pin=P16-3
Added Pin To Net: NetName=MTR2_A1 Pin=P17-1
Added Pin To Net: NetName=MTR2_PWM Pin=P17-3
Added Pin To Net: NetName=MTR2_A2 Pin=P18-1
Added Pin To Net: NetName=MTR2_DIR Pin=P18-3
Added Pin To Net: NetName=MTR2_B1 Pin=P19-1
Added Pin To Net: NetName=GND Pin=P19-3
Added Pin To Net: NetName=MTR2_B2 Pin=P20-1
Added Pin To Net: NetName=GND Pin=P20-3
Change Net Name : Old Net Name=NetQ3_1 New Net Name=NetQ2_1
Change Net Name : Old Net Name=NetQ3_3 New Net Name=NetQ2_3
Change Net Name : Old Net Name=NetR10_1 New Net Name=NetR8_1
Change Net Name : Old Net Name=NetR14_1 New Net Name=NetR12_1
Added Pin To Net: NetName=MTR1_C1 Pin=P11-1
Added Pin To Net: NetName=MTR1_C1 Pin=P13-2
Added Net: Name=MTR1_C1
Added Pin To Net: NetName=MTR1_C2 Pin=P11-2
Added Pin To Net: NetName=MTR1_C2 Pin=P14-2
Added Net: Name=MTR1_C2
Added Pin To Net: NetName=MTR1_C3 Pin=P11-3
Added Pin To Net: NetName=MTR1_C3 Pin=P15-2
Added Net: Name=MTR1_C3
Added Pin To Net: NetName=MTR1_C4 Pin=P11-4
Added Pin To Net: NetName=MTR1_C4 Pin=P16-2
Added Net: Name=MTR1_C4
Added Pin To Net: NetName=MTR2_C1 Pin=P12-1
Added Pin To Net: NetName=MTR2_C1 Pin=P17-2
Added Net: Name=MTR2_C1
Added Pin To Net: NetName=MTR2_C2 Pin=P12-2
Added Pin To Net: NetName=MTR2_C2 Pin=P18-2
Added Net: Name=MTR2_C2
Added Pin To Net: NetName=MTR2_C3 Pin=P12-3
Added Pin To Net: NetName=MTR2_C3 Pin=P19-2
Added Net: Name=MTR2_C3
Added Pin To Net: NetName=MTR2_C4 Pin=P12-4
Added Pin To Net: NetName=MTR2_C4 Pin=P20-2
Added Net: Name=MTR2_C4
Added Member To Class: ClassName=Motor_Controller Member=Component C19 Cap-Al-100uF-16V-D6L5
Added Member To Class: ClassName=Power_Supply Member=Component P4 691322310002
Added Member To Class: ClassName=Power_Supply Member=Component P5 Header 2
Added Member To Class: ClassName=Motor_Controller Member=Component P15 Header 3
Added Member To Class: ClassName=Motor_Controller Member=Component P16 Header 3
Added Member To Class: ClassName=Motor_Controller Member=Component P17 Header 3
Added Member To Class: ClassName=Motor_Controller Member=Component P18 Header 3
Added Member To Class: ClassName=Motor_Controller Member=Component P19 Header 3
Added Member To Class: ClassName=Motor_Controller Member=Component P20 Header 3
