Added Component: Designator=S3(418117170903)
Add component. Clean all parameters for all variants
Add component (AddParameter): Name = "Actuator Type"; Value = "Flat Type"; VariantName = "[No Variations]"
Add component (AddParameter): Name = "Circuit"; Value = "SPST-NO"; VariantName = "[No Variations]"
Add component (AddParameter): Name = "ComponentLink1Description"; Value = "Manufacturer"; VariantName = "[No Variations]"
Add component (AddParameter): Name = "ComponentLink1URL"; Value = "http://www.we-online.de"; VariantName = "[No Variations]"
Add component (AddParameter): Name = "ComponentLink2Description"; Value = "Datasheet"; VariantName = "[No Variations]"
Add component (AddParameter): Name = "ComponentLink2URL"; Value = "https://katalog.we-online.com/em/datasheet/418117170903.pdf"; VariantName = "[No Variations]"
Add component (AddParameter): Name = "Contact Material"; Value = "Copper Alloy"; VariantName = "[No Variations]"
Add component (AddParameter): Name = "Contact Plating"; Value = "Gold"; VariantName = "[No Variations]"
Add component (AddParameter): Name = "Mounting Technology"; Value = "THT"; VariantName = "[No Variations]"
Add component (AddParameter): Name = "Operating Temperature"; Value = "-40 to +85degC"; VariantName = "[No Variations]"
Add component (AddParameter): Name = "Operation Force"; Value = "800g"; VariantName = "[No Variations]"
Add component (AddParameter): Name = "Packaging"; Value = "Tube"; VariantName = "[No Variations]"
Add component (AddParameter): Name = "Part Number"; Value = "418117170903"; VariantName = "[No Variations]"
Add component (AddParameter): Name = "Pitch"; Value = "2.54mm"; VariantName = "[No Variations]"
Add component (AddParameter): Name = "Pole Number"; Value = "3"; VariantName = "[No Variations]"
Add component (AddParameter): Name = "Published Date"; Value = "September 2019"; VariantName = "[No Variations]"
Add component (AddParameter): Name = "Publisher"; Value = "Wurth Elektronik"; VariantName = "[No Variations]"
Add component (AddParameter): Name = "Rated Current Non-Switching"; Value = "100mA"; VariantName = "[No Variations]"
Add component (AddParameter): Name = "Rated Current Switching"; Value = "25mA"; VariantName = "[No Variations]"
Add component (AddParameter): Name = "Rated Voltage Non-Switching"; Value = "50VDC"; VariantName = "[No Variations]"
Add component (AddParameter): Name = "Rated Voltage Switching"; Value = "24VDC"; VariantName = "[No Variations]"
Added Component: Designator=S4(418117170903)
Add component. Clean all parameters for all variants
Add component (AddParameter): Name = "Actuator Type"; Value = "Flat Type"; VariantName = "[No Variations]"
Add component (AddParameter): Name = "Circuit"; Value = "SPST-NO"; VariantName = "[No Variations]"
Add component (AddParameter): Name = "ComponentLink1Description"; Value = "Manufacturer"; VariantName = "[No Variations]"
Add component (AddParameter): Name = "ComponentLink1URL"; Value = "http://www.we-online.de"; VariantName = "[No Variations]"
Add component (AddParameter): Name = "ComponentLink2Description"; Value = "Datasheet"; VariantName = "[No Variations]"
Add component (AddParameter): Name = "ComponentLink2URL"; Value = "https://katalog.we-online.com/em/datasheet/418117170903.pdf"; VariantName = "[No Variations]"
Add component (AddParameter): Name = "Contact Material"; Value = "Copper Alloy"; VariantName = "[No Variations]"
Add component (AddParameter): Name = "Contact Plating"; Value = "Gold"; VariantName = "[No Variations]"
Add component (AddParameter): Name = "Mounting Technology"; Value = "THT"; VariantName = "[No Variations]"
Add component (AddParameter): Name = "Operating Temperature"; Value = "-40 to +85degC"; VariantName = "[No Variations]"
Add component (AddParameter): Name = "Operation Force"; Value = "800g"; VariantName = "[No Variations]"
Add component (AddParameter): Name = "Packaging"; Value = "Tube"; VariantName = "[No Variations]"
Add component (AddParameter): Name = "Part Number"; Value = "418117170903"; VariantName = "[No Variations]"
Add component (AddParameter): Name = "Pitch"; Value = "2.54mm"; VariantName = "[No Variations]"
Add component (AddParameter): Name = "Pole Number"; Value = "3"; VariantName = "[No Variations]"
Add component (AddParameter): Name = "Published Date"; Value = "September 2019"; VariantName = "[No Variations]"
Add component (AddParameter): Name = "Publisher"; Value = "Wurth Elektronik"; VariantName = "[No Variations]"
Add component (AddParameter): Name = "Rated Current Non-Switching"; Value = "100mA"; VariantName = "[No Variations]"
Add component (AddParameter): Name = "Rated Current Switching"; Value = "25mA"; VariantName = "[No Variations]"
Add component (AddParameter): Name = "Rated Voltage Non-Switching"; Value = "50VDC"; VariantName = "[No Variations]"
Add component (AddParameter): Name = "Rated Voltage Switching"; Value = "24VDC"; VariantName = "[No Variations]"
Added Pin To Net: NetName=GND Pin=S3-1
Added Pin To Net: NetName=GND Pin=S3-2
Added Pin To Net: NetName=GND Pin=S3-3
Added Pin To Net: NetName=NetM1_4 Pin=S3-4
Added Pin To Net: NetName=NetM1_3 Pin=S3-5
Added Pin To Net: NetName=NetM1_2 Pin=S3-6
Added Pin To Net: NetName=GND Pin=S4-1
Added Pin To Net: NetName=GND Pin=S4-2
Added Pin To Net: NetName=GND Pin=S4-3
Added Pin To Net: NetName=NetM2_4 Pin=S4-4
Added Pin To Net: NetName=NetM2_3 Pin=S4-5
Added Pin To Net: NetName=NetM2_2 Pin=S4-6
Added Member To Class: ClassName=Motor_Controller Member=Component S3 418117170903
Added Member To Class: ClassName=Motor_Controller Member=Component S4 418117170903
