Removed Member From Class: ClassName=Motor_Controller Member=R8
Added Component: Designator=C21(CAP-SM-0805)
Add component. Clean all parameters for all variants
Add component (AddParameter): Name = "Local Supplier"; Value = "thegioiic"; VariantName = "[No Variations]"
Add component (AddParameter): Name = "Local Supplier Link"; Value = "https://thegioiic.com/products/tu-100nf-0-1uf-50v-0805"; VariantName = "[No Variations]"
Add component (AddParameter): Name = "Manufacturer"; Value = "Samsung Electro-Mechanics"; VariantName = "[No Variations]"
Add component (AddParameter): Name = "Manufacturer Part Number"; Value = "CL21F104ZBCNNNC"; VariantName = "[No Variations]"
Add component (AddParameter): Name = "Supplier 1"; Value = "Digikey"; VariantName = "[No Variations]"
Add component (AddParameter): Name = "Supplier 1 Link"; Value = "https://www.digikey.com/product-detail/en/samsung-electro-mechanics/CL21F104ZBCNNNC/1276-1007-1-ND/3889093"; VariantName = "[No Variations]"
Add component (AddParameter): Name = "Supplier 1 Part Number"; Value = "1276-1007-1-ND"; VariantName = "[No Variations]"
Add component (AddParameter): Name = "Value"; Value = "100nF/50V"; VariantName = "[No Variations]"
Added Component: Designator=C22(CAP-SM-0805)
Add component. Clean all parameters for all variants
Add component (AddParameter): Name = "Local Supplier"; Value = "thegioiic"; VariantName = "[No Variations]"
Add component (AddParameter): Name = "Local Supplier Link"; Value = "https://thegioiic.com/products/tu-100nf-0-1uf-50v-0805"; VariantName = "[No Variations]"
Add component (AddParameter): Name = "Manufacturer"; Value = "Samsung Electro-Mechanics"; VariantName = "[No Variations]"
Add component (AddParameter): Name = "Manufacturer Part Number"; Value = "CL21F104ZBCNNNC"; VariantName = "[No Variations]"
Add component (AddParameter): Name = "Supplier 1"; Value = "Digikey"; VariantName = "[No Variations]"
Add component (AddParameter): Name = "Supplier 1 Link"; Value = "https://www.digikey.com/product-detail/en/samsung-electro-mechanics/CL21F104ZBCNNNC/1276-1007-1-ND/3889093"; VariantName = "[No Variations]"
Add component (AddParameter): Name = "Supplier 1 Part Number"; Value = "1276-1007-1-ND"; VariantName = "[No Variations]"
Add component (AddParameter): Name = "Value"; Value = "100nF/50V"; VariantName = "[No Variations]"
Added Component: Designator=C23(CAP-SM-0805)
Add component. Clean all parameters for all variants
Add component (AddParameter): Name = "Local Supplier"; Value = "thegioiic"; VariantName = "[No Variations]"
Add component (AddParameter): Name = "Local Supplier Link"; Value = "https://thegioiic.com/products/tu-100nf-0-1uf-50v-0805"; VariantName = "[No Variations]"
Add component (AddParameter): Name = "Manufacturer"; Value = "Samsung Electro-Mechanics"; VariantName = "[No Variations]"
Add component (AddParameter): Name = "Manufacturer Part Number"; Value = "CL21F104ZBCNNNC"; VariantName = "[No Variations]"
Add component (AddParameter): Name = "Supplier 1"; Value = "Digikey"; VariantName = "[No Variations]"
Add component (AddParameter): Name = "Supplier 1 Link"; Value = "https://www.digikey.com/product-detail/en/samsung-electro-mechanics/CL21F104ZBCNNNC/1276-1007-1-ND/3889093"; VariantName = "[No Variations]"
Add component (AddParameter): Name = "Supplier 1 Part Number"; Value = "1276-1007-1-ND"; VariantName = "[No Variations]"
Add component (AddParameter): Name = "Value"; Value = "100nF/50V"; VariantName = "[No Variations]"
Added Component: Designator=C24(CAP-SM-0805)
Add component. Clean all parameters for all variants
Add component (AddParameter): Name = "Local Supplier"; Value = "thegioiic"; VariantName = "[No Variations]"
Add component (AddParameter): Name = "Local Supplier Link"; Value = "https://thegioiic.com/products/tu-100nf-0-1uf-50v-0805"; VariantName = "[No Variations]"
Add component (AddParameter): Name = "Manufacturer"; Value = "Samsung Electro-Mechanics"; VariantName = "[No Variations]"
Add component (AddParameter): Name = "Manufacturer Part Number"; Value = "CL21F104ZBCNNNC"; VariantName = "[No Variations]"
Add component (AddParameter): Name = "Supplier 1"; Value = "Digikey"; VariantName = "[No Variations]"
Add component (AddParameter): Name = "Supplier 1 Link"; Value = "https://www.digikey.com/product-detail/en/samsung-electro-mechanics/CL21F104ZBCNNNC/1276-1007-1-ND/3889093"; VariantName = "[No Variations]"
Add component (AddParameter): Name = "Supplier 1 Part Number"; Value = "1276-1007-1-ND"; VariantName = "[No Variations]"
Add component (AddParameter): Name = "Value"; Value = "100nF/50V"; VariantName = "[No Variations]"
Added Component: Designator=C25(CAP-SM-0805)
Add component. Clean all parameters for all variants
Add component (AddParameter): Name = "Local Supplier"; Value = "thegioiic"; VariantName = "[No Variations]"
Add component (AddParameter): Name = "Local Supplier Link"; Value = "https://thegioiic.com/products/tu-100nf-0-1uf-50v-0805"; VariantName = "[No Variations]"
Add component (AddParameter): Name = "Manufacturer"; Value = "Samsung Electro-Mechanics"; VariantName = "[No Variations]"
Add component (AddParameter): Name = "Manufacturer Part Number"; Value = "CL21F104ZBCNNNC"; VariantName = "[No Variations]"
Add component (AddParameter): Name = "Supplier 1"; Value = "Digikey"; VariantName = "[No Variations]"
Add component (AddParameter): Name = "Supplier 1 Link"; Value = "https://www.digikey.com/product-detail/en/samsung-electro-mechanics/CL21F104ZBCNNNC/1276-1007-1-ND/3889093"; VariantName = "[No Variations]"
Add component (AddParameter): Name = "Supplier 1 Part Number"; Value = "1276-1007-1-ND"; VariantName = "[No Variations]"
Add component (AddParameter): Name = "Value"; Value = "100nF/50V"; VariantName = "[No Variations]"
Added Component: Designator=C26(CAP-SM-AL-SIZE-D-D6L6)
Add component. Clean all parameters for all variants
Add component (AddParameter): Name = "Local Supplier"; Value = "thegioiic"; VariantName = "[No Variations]"
Add component (AddParameter): Name = "Local Supplier Link"; Value = "https://thegioiic.com/products/tu-nhom-smd-100uf-16v-d6-3l5-4"; VariantName = "[No Variations]"
Add component (AddParameter): Name = "Manufacturer"; Value = "Nichicon"; VariantName = "[No Variations]"
Add component (AddParameter): Name = "Manufacturer Part Number"; Value = "UWX1C101MCL1GB"; VariantName = "[No Variations]"
Add component (AddParameter): Name = "Supplier 1"; Value = "Digikey"; VariantName = "[No Variations]"
Add component (AddParameter): Name = "Supplier 1 Link"; Value = "https://www.digikey.com/product-detail/en/nichicon/UWX1C101MCL1GB/493-2105-1-ND/590080"; VariantName = "[No Variations]"
Add component (AddParameter): Name = "Supplier 1 Part Number"; Value = "493-2105-1-ND"; VariantName = "[No Variations]"
Add component (AddParameter): Name = "Value"; Value = "100uF/16V"; VariantName = "[No Variations]"
Added Component: Designator=C27(CAP-SM-0805)
Add component. Clean all parameters for all variants
Add component (AddParameter): Name = "Local Supplier"; Value = "thegioiic"; VariantName = "[No Variations]"
Add component (AddParameter): Name = "Local Supplier Link"; Value = "https://thegioiic.com/products/tu-100nf-0-1uf-50v-0805"; VariantName = "[No Variations]"
Add component (AddParameter): Name = "Manufacturer"; Value = "Samsung Electro-Mechanics"; VariantName = "[No Variations]"
Add component (AddParameter): Name = "Manufacturer Part Number"; Value = "CL21F104ZBCNNNC"; VariantName = "[No Variations]"
Add component (AddParameter): Name = "Supplier 1"; Value = "Digikey"; VariantName = "[No Variations]"
Add component (AddParameter): Name = "Supplier 1 Link"; Value = "https://www.digikey.com/product-detail/en/samsung-electro-mechanics/CL21F104ZBCNNNC/1276-1007-1-ND/3889093"; VariantName = "[No Variations]"
Add component (AddParameter): Name = "Supplier 1 Part Number"; Value = "1276-1007-1-ND"; VariantName = "[No Variations]"
Add component (AddParameter): Name = "Value"; Value = "100nF/50V"; VariantName = "[No Variations]"
Added Component: Designator=C28(CAP-SM-0805)
Add component. Clean all parameters for all variants
Add component (AddParameter): Name = "Local Supplier"; Value = "thegioiic"; VariantName = "[No Variations]"
Add component (AddParameter): Name = "Local Supplier Link"; Value = "https://thegioiic.com/products/tu-10uf-50v-0805"; VariantName = "[No Variations]"
Add component (AddParameter): Name = "Manufacturer"; Value = "Yageo"; VariantName = "[No Variations]"
Add component (AddParameter): Name = "Manufacturer Part Number"; Value = "CC0805KKX5R9BB106"; VariantName = "[No Variations]"
Add component (AddParameter): Name = "Supplier 1"; Value = "Digikey"; VariantName = "[No Variations]"
Add component (AddParameter): Name = "Supplier 1 Link"; Value = "https://www.digikey.com/product-detail/en/yageo/CC0805KKX5R9BB106/311-3499-2-ND/7164383"; VariantName = "[No Variations]"
Add component (AddParameter): Name = "Supplier 1 Part Number"; Value = "311-3499-2-ND"; VariantName = "[No Variations]"
Add component (AddParameter): Name = "Value"; Value = "10uF/50V"; VariantName = "[No Variations]"
Added Component: Designator=C29(CAP-SM-0805)
Add component. Clean all parameters for all variants
Add component (AddParameter): Name = "Local Supplier"; Value = "thegioiic"; VariantName = "[No Variations]"
Add component (AddParameter): Name = "Local Supplier Link"; Value = "https://thegioiic.com/products/tu-100nf-0-1uf-50v-0805"; VariantName = "[No Variations]"
Add component (AddParameter): Name = "Manufacturer"; Value = "Samsung Electro-Mechanics"; VariantName = "[No Variations]"
Add component (AddParameter): Name = "Manufacturer Part Number"; Value = "CL21F104ZBCNNNC"; VariantName = "[No Variations]"
Add component (AddParameter): Name = "Supplier 1"; Value = "Digikey"; VariantName = "[No Variations]"
Add component (AddParameter): Name = "Supplier 1 Link"; Value = "https://www.digikey.com/product-detail/en/samsung-electro-mechanics/CL21F104ZBCNNNC/1276-1007-1-ND/3889093"; VariantName = "[No Variations]"
Add component (AddParameter): Name = "Supplier 1 Part Number"; Value = "1276-1007-1-ND"; VariantName = "[No Variations]"
Add component (AddParameter): Name = "Value"; Value = "100nF/50V"; VariantName = "[No Variations]"
Added Component: Designator=C30(CAP-SM-0805)
Add component. Clean all parameters for all variants
Add component (AddParameter): Name = "Local Supplier"; Value = "thegioiic"; VariantName = "[No Variations]"
Add component (AddParameter): Name = "Local Supplier Link"; Value = "https://thegioiic.com/products/tu-10uf-50v-0805"; VariantName = "[No Variations]"
Add component (AddParameter): Name = "Manufacturer"; Value = "Yageo"; VariantName = "[No Variations]"
Add component (AddParameter): Name = "Manufacturer Part Number"; Value = "CC0805KKX5R9BB106"; VariantName = "[No Variations]"
Add component (AddParameter): Name = "Supplier 1"; Value = "Digikey"; VariantName = "[No Variations]"
Add component (AddParameter): Name = "Supplier 1 Link"; Value = "https://www.digikey.com/product-detail/en/yageo/CC0805KKX5R9BB106/311-3499-2-ND/7164383"; VariantName = "[No Variations]"
Add component (AddParameter): Name = "Supplier 1 Part Number"; Value = "311-3499-2-ND"; VariantName = "[No Variations]"
Add component (AddParameter): Name = "Value"; Value = "10uF/50V"; VariantName = "[No Variations]"
Added Component: Designator=C31(CAP-SM-0805)
Add component. Clean all parameters for all variants
Add component (AddParameter): Name = "Local Supplier"; Value = "thegioiic"; VariantName = "[No Variations]"
Add component (AddParameter): Name = "Local Supplier Link"; Value = "https://thegioiic.com/products/tu-100nf-0-1uf-50v-0805"; VariantName = "[No Variations]"
Add component (AddParameter): Name = "Manufacturer"; Value = "Samsung Electro-Mechanics"; VariantName = "[No Variations]"
Add component (AddParameter): Name = "Manufacturer Part Number"; Value = "CL21F104ZBCNNNC"; VariantName = "[No Variations]"
Add component (AddParameter): Name = "Supplier 1"; Value = "Digikey"; VariantName = "[No Variations]"
Add component (AddParameter): Name = "Supplier 1 Link"; Value = "https://www.digikey.com/product-detail/en/samsung-electro-mechanics/CL21F104ZBCNNNC/1276-1007-1-ND/3889093"; VariantName = "[No Variations]"
Add component (AddParameter): Name = "Supplier 1 Part Number"; Value = "1276-1007-1-ND"; VariantName = "[No Variations]"
Add component (AddParameter): Name = "Value"; Value = "100nF/50V"; VariantName = "[No Variations]"
Added Component: Designator=C32(CAP-SM-0805)
Add component. Clean all parameters for all variants
Add component (AddParameter): Name = "Local Supplier"; Value = "thegioiic"; VariantName = "[No Variations]"
Add component (AddParameter): Name = "Local Supplier Link"; Value = "https://thegioiic.com/products/tu-100nf-0-1uf-50v-0805"; VariantName = "[No Variations]"
Add component (AddParameter): Name = "Manufacturer"; Value = "Samsung Electro-Mechanics"; VariantName = "[No Variations]"
Add component (AddParameter): Name = "Manufacturer Part Number"; Value = "CL21F104ZBCNNNC"; VariantName = "[No Variations]"
Add component (AddParameter): Name = "Supplier 1"; Value = "Digikey"; VariantName = "[No Variations]"
Add component (AddParameter): Name = "Supplier 1 Link"; Value = "https://www.digikey.com/product-detail/en/samsung-electro-mechanics/CL21F104ZBCNNNC/1276-1007-1-ND/3889093"; VariantName = "[No Variations]"
Add component (AddParameter): Name = "Supplier 1 Part Number"; Value = "1276-1007-1-ND"; VariantName = "[No Variations]"
Add component (AddParameter): Name = "Value"; Value = "100nF/50V"; VariantName = "[No Variations]"
Added Component: Designator=C33(CAP-SM-0805)
Add component. Clean all parameters for all variants
Add component (AddParameter): Name = "Local Supplier"; Value = "thegioiic"; VariantName = "[No Variations]"
Add component (AddParameter): Name = "Local Supplier Link"; Value = "https://thegioiic.com/products/tu-100nf-0-1uf-50v-0805"; VariantName = "[No Variations]"
Add component (AddParameter): Name = "Manufacturer"; Value = "Samsung Electro-Mechanics"; VariantName = "[No Variations]"
Add component (AddParameter): Name = "Manufacturer Part Number"; Value = "CL21F104ZBCNNNC"; VariantName = "[No Variations]"
Add component (AddParameter): Name = "Supplier 1"; Value = "Digikey"; VariantName = "[No Variations]"
Add component (AddParameter): Name = "Supplier 1 Link"; Value = "https://www.digikey.com/product-detail/en/samsung-electro-mechanics/CL21F104ZBCNNNC/1276-1007-1-ND/3889093"; VariantName = "[No Variations]"
Add component (AddParameter): Name = "Supplier 1 Part Number"; Value = "1276-1007-1-ND"; VariantName = "[No Variations]"
Add component (AddParameter): Name = "Value"; Value = "100nF/50V"; VariantName = "[No Variations]"
Added Component: Designator=C34(CAP-SM-0805)
Add component. Clean all parameters for all variants
Add component (AddParameter): Name = "Local Supplier"; Value = "thegioiic"; VariantName = "[No Variations]"
Add component (AddParameter): Name = "Local Supplier Link"; Value = "https://thegioiic.com/products/tu-100nf-0-1uf-50v-0805"; VariantName = "[No Variations]"
Add component (AddParameter): Name = "Manufacturer"; Value = "Samsung Electro-Mechanics"; VariantName = "[No Variations]"
Add component (AddParameter): Name = "Manufacturer Part Number"; Value = "CL21F104ZBCNNNC"; VariantName = "[No Variations]"
Add component (AddParameter): Name = "Supplier 1"; Value = "Digikey"; VariantName = "[No Variations]"
Add component (AddParameter): Name = "Supplier 1 Link"; Value = "https://www.digikey.com/product-detail/en/samsung-electro-mechanics/CL21F104ZBCNNNC/1276-1007-1-ND/3889093"; VariantName = "[No Variations]"
Add component (AddParameter): Name = "Supplier 1 Part Number"; Value = "1276-1007-1-ND"; VariantName = "[No Variations]"
Add component (AddParameter): Name = "Value"; Value = "100nF/50V"; VariantName = "[No Variations]"
Added Component: Designator=D2(WL-SMCW_0805)
Add component. Clean all parameters for all variants
Add component (AddParameter): Name = "Chip Technology"; Value = "AlInGaP"; VariantName = "[No Variations]"
Add component (AddParameter): Name = "ComponentLink1Description"; Value = "Manufacturer"; VariantName = "[No Variations]"
Add component (AddParameter): Name = "ComponentLink1URL"; Value = "http://www.we-online.de"; VariantName = "[No Variations]"
Add component (AddParameter): Name = "ComponentLink2Description"; Value = "Datasheet"; VariantName = "[No Variations]"
Add component (AddParameter): Name = "ComponentLink2URL"; Value = "https://www.we-online.com/catalog/datasheet/150080VS75000.pdf"; VariantName = "[No Variations]"
Add component (AddParameter): Name = "Dominant Wavelength typ."; Value = "570nm"; VariantName = "[No Variations]"
Add component (AddParameter): Name = "Emitting Color"; Value = "Bright Green"; VariantName = "[No Variations]"
Add component (AddParameter): Name = "Forward Voltage typ."; Value = "2V"; VariantName = "[No Variations]"
Add component (AddParameter): Name = "Luminous Intensity typ."; Value = "40mcd"; VariantName = "[No Variations]"
Add component (AddParameter): Name = "Mounting Technology"; Value = "SMT"; VariantName = "[No Variations]"
Add component (AddParameter): Name = "Operating Temperature"; Value = "-40 to +85degC"; VariantName = "[No Variations]"
Add component (AddParameter): Name = "Packaging"; Value = "Tape and Reel"; VariantName = "[No Variations]"
Add component (AddParameter): Name = "Part Number"; Value = "150080VS75000"; VariantName = "[No Variations]"
Add component (AddParameter): Name = "Peak Wavelength typ."; Value = "572nm"; VariantName = "[No Variations]"
Add component (AddParameter): Name = "Published Date"; Value = "December 2019"; VariantName = "[No Variations]"
Add component (AddParameter): Name = "Publisher"; Value = "Wurth Elektronik"; VariantName = "[No Variations]"
Add component (AddParameter): Name = "Size"; Value = "0805"; VariantName = "[No Variations]"
Add component (AddParameter): Name = "Viewing Angle"; Value = "140deg"; VariantName = "[No Variations]"
Added Component: Designator=D3(WL-SMCW_0805)
Add component. Clean all parameters for all variants
Add component (AddParameter): Name = "Chip Technology"; Value = "AlInGaP"; VariantName = "[No Variations]"
Add component (AddParameter): Name = "ComponentLink1Description"; Value = "Manufacturer"; VariantName = "[No Variations]"
Add component (AddParameter): Name = "ComponentLink1URL"; Value = "http://www.we-online.de"; VariantName = "[No Variations]"
Add component (AddParameter): Name = "ComponentLink2Description"; Value = "Datasheet"; VariantName = "[No Variations]"
Add component (AddParameter): Name = "ComponentLink2URL"; Value = "https://www.we-online.com/catalog/datasheet/150080YS75000.pdf"; VariantName = "[No Variations]"
Add component (AddParameter): Name = "Dominant Wavelength typ."; Value = "590nm"; VariantName = "[No Variations]"
Add component (AddParameter): Name = "Emitting Color"; Value = "Yellow"; VariantName = "[No Variations]"
Add component (AddParameter): Name = "Forward Voltage typ."; Value = "2V"; VariantName = "[No Variations]"
Add component (AddParameter): Name = "Luminous Intensity typ."; Value = "120mcd"; VariantName = "[No Variations]"
Add component (AddParameter): Name = "Mounting Technology"; Value = "SMT"; VariantName = "[No Variations]"
Add component (AddParameter): Name = "Operating Temperature"; Value = "-40 to +85degC"; VariantName = "[No Variations]"
Add component (AddParameter): Name = "Packaging"; Value = "Tape and Reel"; VariantName = "[No Variations]"
Add component (AddParameter): Name = "Part Number"; Value = "150080YS75000"; VariantName = "[No Variations]"
Add component (AddParameter): Name = "Peak Wavelength typ."; Value = "595nm"; VariantName = "[No Variations]"
Add component (AddParameter): Name = "Published Date"; Value = "December 2019"; VariantName = "[No Variations]"
Add component (AddParameter): Name = "Publisher"; Value = "Wurth Elektronik"; VariantName = "[No Variations]"
Add component (AddParameter): Name = "Size"; Value = "0805"; VariantName = "[No Variations]"
Add component (AddParameter): Name = "Viewing Angle"; Value = "140deg"; VariantName = "[No Variations]"
Added Component: Designator=D4(WL-SMCW_0805)
Add component. Clean all parameters for all variants
Add component (AddParameter): Name = "Chip Technology"; Value = "AlInGaP"; VariantName = "[No Variations]"
Add component (AddParameter): Name = "ComponentLink1Description"; Value = "Manufacturer"; VariantName = "[No Variations]"
Add component (AddParameter): Name = "ComponentLink1URL"; Value = "http://www.we-online.de"; VariantName = "[No Variations]"
Add component (AddParameter): Name = "ComponentLink2Description"; Value = "Datasheet"; VariantName = "[No Variations]"
Add component (AddParameter): Name = "ComponentLink2URL"; Value = "https://www.we-online.com/catalog/datasheet/150080RS75000.pdf"; VariantName = "[No Variations]"
Add component (AddParameter): Name = "Dominant Wavelength typ."; Value = "625nm"; VariantName = "[No Variations]"
Add component (AddParameter): Name = "Emitting Color"; Value = "Red"; VariantName = "[No Variations]"
Add component (AddParameter): Name = "Forward Voltage typ."; Value = "2V"; VariantName = "[No Variations]"
Add component (AddParameter): Name = "Luminous Intensity typ."; Value = "150mcd"; VariantName = "[No Variations]"
Add component (AddParameter): Name = "Mounting Technology"; Value = "SMT"; VariantName = "[No Variations]"
Add component (AddParameter): Name = "Operating Temperature"; Value = "-40 to +85degC"; VariantName = "[No Variations]"
Add component (AddParameter): Name = "Packaging"; Value = "Tape and Reel"; VariantName = "[No Variations]"
Add component (AddParameter): Name = "Part Number"; Value = "150080RS75000"; VariantName = "[No Variations]"
Add component (AddParameter): Name = "Peak Wavelength typ."; Value = "630nm"; VariantName = "[No Variations]"
Add component (AddParameter): Name = "Published Date"; Value = "December 2019"; VariantName = "[No Variations]"
Add component (AddParameter): Name = "Publisher"; Value = "Wurth Elektronik"; VariantName = "[No Variations]"
Add component (AddParameter): Name = "Size"; Value = "0805"; VariantName = "[No Variations]"
Add component (AddParameter): Name = "Viewing Angle"; Value = "140deg"; VariantName = "[No Variations]"
Added Component: Designator=D5(WL-SMCW_0805)
Add component. Clean all parameters for all variants
Add component (AddParameter): Name = "Chip Technology"; Value = "AlInGaP"; VariantName = "[No Variations]"
Add component (AddParameter): Name = "ComponentLink1Description"; Value = "Manufacturer"; VariantName = "[No Variations]"
Add component (AddParameter): Name = "ComponentLink1URL"; Value = "http://www.we-online.de"; VariantName = "[No Variations]"
Add component (AddParameter): Name = "ComponentLink2Description"; Value = "Datasheet"; VariantName = "[No Variations]"
Add component (AddParameter): Name = "ComponentLink2URL"; Value = "https://www.we-online.com/catalog/datasheet/150080RS75000.pdf"; VariantName = "[No Variations]"
Add component (AddParameter): Name = "Dominant Wavelength typ."; Value = "625nm"; VariantName = "[No Variations]"
Add component (AddParameter): Name = "Emitting Color"; Value = "Red"; VariantName = "[No Variations]"
Add component (AddParameter): Name = "Forward Voltage typ."; Value = "2V"; VariantName = "[No Variations]"
Add component (AddParameter): Name = "Luminous Intensity typ."; Value = "150mcd"; VariantName = "[No Variations]"
Add component (AddParameter): Name = "Mounting Technology"; Value = "SMT"; VariantName = "[No Variations]"
Add component (AddParameter): Name = "Operating Temperature"; Value = "-40 to +85degC"; VariantName = "[No Variations]"
Add component (AddParameter): Name = "Packaging"; Value = "Tape and Reel"; VariantName = "[No Variations]"
Add component (AddParameter): Name = "Part Number"; Value = "150080RS75000"; VariantName = "[No Variations]"
Add component (AddParameter): Name = "Peak Wavelength typ."; Value = "630nm"; VariantName = "[No Variations]"
Add component (AddParameter): Name = "Published Date"; Value = "December 2019"; VariantName = "[No Variations]"
Add component (AddParameter): Name = "Publisher"; Value = "Wurth Elektronik"; VariantName = "[No Variations]"
Add component (AddParameter): Name = "Size"; Value = "0805"; VariantName = "[No Variations]"
Add component (AddParameter): Name = "Viewing Angle"; Value = "140deg"; VariantName = "[No Variations]"
Added Component: Designator=D6(SS14)
Add component. Clean all parameters for all variants
Add component (AddParameter): Name = "Local Supplier"; Value = "thegioiic"; VariantName = "[No Variations]"
Add component (AddParameter): Name = "Local Supplier Link"; Value = "https://thegioiic.com/products/ss14-sma"; VariantName = "[No Variations]"
Add component (AddParameter): Name = "Manufacturer"; Value = "ON Semiconductor"; VariantName = "[No Variations]"
Add component (AddParameter): Name = "Manufacturer Part Number"; Value = "SS14"; VariantName = "[No Variations]"
Add component (AddParameter): Name = "Supplier 1"; Value = "Digikey"; VariantName = "[No Variations]"
Add component (AddParameter): Name = "Supplier 1 Link"; Value = "https://www.digikey.com/product-detail/en/on-semiconductor/SS14/SS14CT-ND/965729"; VariantName = "[No Variations]"
Add component (AddParameter): Name = "Supplier 1 Part Number"; Value = "SS14CT-ND"; VariantName = "[No Variations]"
Added Component: Designator=D7(WL-SMCW_0805)
Add component. Clean all parameters for all variants
Add component (AddParameter): Name = "Chip Technology"; Value = "AlInGaP"; VariantName = "[No Variations]"
Add component (AddParameter): Name = "ComponentLink1Description"; Value = "Manufacturer"; VariantName = "[No Variations]"
Add component (AddParameter): Name = "ComponentLink1URL"; Value = "http://www.we-online.de"; VariantName = "[No Variations]"
Add component (AddParameter): Name = "ComponentLink2Description"; Value = "Datasheet"; VariantName = "[No Variations]"
Add component (AddParameter): Name = "ComponentLink2URL"; Value = "https://www.we-online.com/catalog/datasheet/150080RS75000.pdf"; VariantName = "[No Variations]"
Add component (AddParameter): Name = "Dominant Wavelength typ."; Value = "625nm"; VariantName = "[No Variations]"
Add component (AddParameter): Name = "Emitting Color"; Value = "Red"; VariantName = "[No Variations]"
Add component (AddParameter): Name = "Forward Voltage typ."; Value = "2V"; VariantName = "[No Variations]"
Add component (AddParameter): Name = "Luminous Intensity typ."; Value = "150mcd"; VariantName = "[No Variations]"
Add component (AddParameter): Name = "Mounting Technology"; Value = "SMT"; VariantName = "[No Variations]"
Add component (AddParameter): Name = "Operating Temperature"; Value = "-40 to +85degC"; VariantName = "[No Variations]"
Add component (AddParameter): Name = "Packaging"; Value = "Tape and Reel"; VariantName = "[No Variations]"
Add component (AddParameter): Name = "Part Number"; Value = "150080RS75000"; VariantName = "[No Variations]"
Add component (AddParameter): Name = "Peak Wavelength typ."; Value = "630nm"; VariantName = "[No Variations]"
Add component (AddParameter): Name = "Published Date"; Value = "December 2019"; VariantName = "[No Variations]"
Add component (AddParameter): Name = "Publisher"; Value = "Wurth Elektronik"; VariantName = "[No Variations]"
Add component (AddParameter): Name = "Size"; Value = "0805"; VariantName = "[No Variations]"
Add component (AddParameter): Name = "Viewing Angle"; Value = "140deg"; VariantName = "[No Variations]"
Added Component: Designator=D8(WL-SMCW_0805)
Add component. Clean all parameters for all variants
Add component (AddParameter): Name = "Chip Technology"; Value = "AlInGaP"; VariantName = "[No Variations]"
Add component (AddParameter): Name = "ComponentLink1Description"; Value = "Manufacturer"; VariantName = "[No Variations]"
Add component (AddParameter): Name = "ComponentLink1URL"; Value = "http://www.we-online.de"; VariantName = "[No Variations]"
Add component (AddParameter): Name = "ComponentLink2Description"; Value = "Datasheet"; VariantName = "[No Variations]"
Add component (AddParameter): Name = "ComponentLink2URL"; Value = "https://www.we-online.com/catalog/datasheet/150080RS75000.pdf"; VariantName = "[No Variations]"
Add component (AddParameter): Name = "Dominant Wavelength typ."; Value = "625nm"; VariantName = "[No Variations]"
Add component (AddParameter): Name = "Emitting Color"; Value = "Red"; VariantName = "[No Variations]"
Add component (AddParameter): Name = "Forward Voltage typ."; Value = "2V"; VariantName = "[No Variations]"
Add component (AddParameter): Name = "Luminous Intensity typ."; Value = "150mcd"; VariantName = "[No Variations]"
Add component (AddParameter): Name = "Mounting Technology"; Value = "SMT"; VariantName = "[No Variations]"
Add component (AddParameter): Name = "Operating Temperature"; Value = "-40 to +85degC"; VariantName = "[No Variations]"
Add component (AddParameter): Name = "Packaging"; Value = "Tape and Reel"; VariantName = "[No Variations]"
Add component (AddParameter): Name = "Part Number"; Value = "150080RS75000"; VariantName = "[No Variations]"
Add component (AddParameter): Name = "Peak Wavelength typ."; Value = "630nm"; VariantName = "[No Variations]"
Add component (AddParameter): Name = "Published Date"; Value = "December 2019"; VariantName = "[No Variations]"
Add component (AddParameter): Name = "Publisher"; Value = "Wurth Elektronik"; VariantName = "[No Variations]"
Add component (AddParameter): Name = "Size"; Value = "0805"; VariantName = "[No Variations]"
Add component (AddParameter): Name = "Viewing Angle"; Value = "140deg"; VariantName = "[No Variations]"
Added Component: Designator=D9(WL-SMCW_0805)
Add component. Clean all parameters for all variants
Add component (AddParameter): Name = "Chip Technology"; Value = "AlInGaP"; VariantName = "[No Variations]"
Add component (AddParameter): Name = "ComponentLink1Description"; Value = "Manufacturer"; VariantName = "[No Variations]"
Add component (AddParameter): Name = "ComponentLink1URL"; Value = "http://www.we-online.de"; VariantName = "[No Variations]"
Add component (AddParameter): Name = "ComponentLink2Description"; Value = "Datasheet"; VariantName = "[No Variations]"
Add component (AddParameter): Name = "ComponentLink2URL"; Value = "https://www.we-online.com/catalog/datasheet/150080YS75000.pdf"; VariantName = "[No Variations]"
Add component (AddParameter): Name = "Dominant Wavelength typ."; Value = "590nm"; VariantName = "[No Variations]"
Add component (AddParameter): Name = "Emitting Color"; Value = "Yellow"; VariantName = "[No Variations]"
Add component (AddParameter): Name = "Forward Voltage typ."; Value = "2V"; VariantName = "[No Variations]"
Add component (AddParameter): Name = "Luminous Intensity typ."; Value = "120mcd"; VariantName = "[No Variations]"
Add component (AddParameter): Name = "Mounting Technology"; Value = "SMT"; VariantName = "[No Variations]"
Add component (AddParameter): Name = "Operating Temperature"; Value = "-40 to +85degC"; VariantName = "[No Variations]"
Add component (AddParameter): Name = "Packaging"; Value = "Tape and Reel"; VariantName = "[No Variations]"
Add component (AddParameter): Name = "Part Number"; Value = "150080YS75000"; VariantName = "[No Variations]"
Add component (AddParameter): Name = "Peak Wavelength typ."; Value = "595nm"; VariantName = "[No Variations]"
Add component (AddParameter): Name = "Published Date"; Value = "December 2019"; VariantName = "[No Variations]"
Add component (AddParameter): Name = "Publisher"; Value = "Wurth Elektronik"; VariantName = "[No Variations]"
Add component (AddParameter): Name = "Size"; Value = "0805"; VariantName = "[No Variations]"
Add component (AddParameter): Name = "Viewing Angle"; Value = "140deg"; VariantName = "[No Variations]"
Added Component: Designator=D10(WL-SMCW_0805)
Add component. Clean all parameters for all variants
Add component (AddParameter): Name = "Chip Technology"; Value = "AlInGaP"; VariantName = "[No Variations]"
Add component (AddParameter): Name = "ComponentLink1Description"; Value = "Manufacturer"; VariantName = "[No Variations]"
Add component (AddParameter): Name = "ComponentLink1URL"; Value = "http://www.we-online.de"; VariantName = "[No Variations]"
Add component (AddParameter): Name = "ComponentLink2Description"; Value = "Datasheet"; VariantName = "[No Variations]"
Add component (AddParameter): Name = "ComponentLink2URL"; Value = "https://www.we-online.com/catalog/datasheet/150080VS75000.pdf"; VariantName = "[No Variations]"
Add component (AddParameter): Name = "Dominant Wavelength typ."; Value = "570nm"; VariantName = "[No Variations]"
Add component (AddParameter): Name = "Emitting Color"; Value = "Bright Green"; VariantName = "[No Variations]"
Add component (AddParameter): Name = "Forward Voltage typ."; Value = "2V"; VariantName = "[No Variations]"
Add component (AddParameter): Name = "Luminous Intensity typ."; Value = "40mcd"; VariantName = "[No Variations]"
Add component (AddParameter): Name = "Mounting Technology"; Value = "SMT"; VariantName = "[No Variations]"
Add component (AddParameter): Name = "Operating Temperature"; Value = "-40 to +85degC"; VariantName = "[No Variations]"
Add component (AddParameter): Name = "Packaging"; Value = "Tape and Reel"; VariantName = "[No Variations]"
Add component (AddParameter): Name = "Part Number"; Value = "150080VS75000"; VariantName = "[No Variations]"
Add component (AddParameter): Name = "Peak Wavelength typ."; Value = "572nm"; VariantName = "[No Variations]"
Add component (AddParameter): Name = "Published Date"; Value = "December 2019"; VariantName = "[No Variations]"
Add component (AddParameter): Name = "Publisher"; Value = "Wurth Elektronik"; VariantName = "[No Variations]"
Add component (AddParameter): Name = "Size"; Value = "0805"; VariantName = "[No Variations]"
Add component (AddParameter): Name = "Viewing Angle"; Value = "140deg"; VariantName = "[No Variations]"
Added Component: Designator=D11(WL-SMCW_0805)
Add component. Clean all parameters for all variants
Add component (AddParameter): Name = "Chip Technology"; Value = "AlInGaP"; VariantName = "[No Variations]"
Add component (AddParameter): Name = "ComponentLink1Description"; Value = "Manufacturer"; VariantName = "[No Variations]"
Add component (AddParameter): Name = "ComponentLink1URL"; Value = "http://www.we-online.de"; VariantName = "[No Variations]"
Add component (AddParameter): Name = "ComponentLink2Description"; Value = "Datasheet"; VariantName = "[No Variations]"
Add component (AddParameter): Name = "ComponentLink2URL"; Value = "https://www.we-online.com/catalog/datasheet/150080RS75000.pdf"; VariantName = "[No Variations]"
Add component (AddParameter): Name = "Dominant Wavelength typ."; Value = "625nm"; VariantName = "[No Variations]"
Add component (AddParameter): Name = "Emitting Color"; Value = "Red"; VariantName = "[No Variations]"
Add component (AddParameter): Name = "Forward Voltage typ."; Value = "2V"; VariantName = "[No Variations]"
Add component (AddParameter): Name = "Luminous Intensity typ."; Value = "150mcd"; VariantName = "[No Variations]"
Add component (AddParameter): Name = "Mounting Technology"; Value = "SMT"; VariantName = "[No Variations]"
Add component (AddParameter): Name = "Operating Temperature"; Value = "-40 to +85degC"; VariantName = "[No Variations]"
Add component (AddParameter): Name = "Packaging"; Value = "Tape and Reel"; VariantName = "[No Variations]"
Add component (AddParameter): Name = "Part Number"; Value = "150080RS75000"; VariantName = "[No Variations]"
Add component (AddParameter): Name = "Peak Wavelength typ."; Value = "630nm"; VariantName = "[No Variations]"
Add component (AddParameter): Name = "Published Date"; Value = "December 2019"; VariantName = "[No Variations]"
Add component (AddParameter): Name = "Publisher"; Value = "Wurth Elektronik"; VariantName = "[No Variations]"
Add component (AddParameter): Name = "Size"; Value = "0805"; VariantName = "[No Variations]"
Add component (AddParameter): Name = "Viewing Angle"; Value = "140deg"; VariantName = "[No Variations]"
Added Component: Designator=D12(WL-SMCW_0805)
Add component. Clean all parameters for all variants
Add component (AddParameter): Name = "Chip Technology"; Value = "AlInGaP"; VariantName = "[No Variations]"
Add component (AddParameter): Name = "ComponentLink1Description"; Value = "Manufacturer"; VariantName = "[No Variations]"
Add component (AddParameter): Name = "ComponentLink1URL"; Value = "http://www.we-online.de"; VariantName = "[No Variations]"
Add component (AddParameter): Name = "ComponentLink2Description"; Value = "Datasheet"; VariantName = "[No Variations]"
Add component (AddParameter): Name = "ComponentLink2URL"; Value = "https://www.we-online.com/catalog/datasheet/150080RS75000.pdf"; VariantName = "[No Variations]"
Add component (AddParameter): Name = "Dominant Wavelength typ."; Value = "625nm"; VariantName = "[No Variations]"
Add component (AddParameter): Name = "Emitting Color"; Value = "Red"; VariantName = "[No Variations]"
Add component (AddParameter): Name = "Forward Voltage typ."; Value = "2V"; VariantName = "[No Variations]"
Add component (AddParameter): Name = "Luminous Intensity typ."; Value = "150mcd"; VariantName = "[No Variations]"
Add component (AddParameter): Name = "Mounting Technology"; Value = "SMT"; VariantName = "[No Variations]"
Add component (AddParameter): Name = "Operating Temperature"; Value = "-40 to +85degC"; VariantName = "[No Variations]"
Add component (AddParameter): Name = "Packaging"; Value = "Tape and Reel"; VariantName = "[No Variations]"
Add component (AddParameter): Name = "Part Number"; Value = "150080RS75000"; VariantName = "[No Variations]"
Add component (AddParameter): Name = "Peak Wavelength typ."; Value = "630nm"; VariantName = "[No Variations]"
Add component (AddParameter): Name = "Published Date"; Value = "December 2019"; VariantName = "[No Variations]"
Add component (AddParameter): Name = "Publisher"; Value = "Wurth Elektronik"; VariantName = "[No Variations]"
Add component (AddParameter): Name = "Size"; Value = "0805"; VariantName = "[No Variations]"
Add component (AddParameter): Name = "Viewing Angle"; Value = "140deg"; VariantName = "[No Variations]"
Added Component: Designator=J2(CONN_105017-0001)
Add component. Clean all parameters for all variants
Add component (AddParameter): Name = "Built_By"; Value = "EMA_Cory"; VariantName = "[No Variations]"
Add component (AddParameter): Name = "Copyright"; Value = "Copyright (C) 2018 Accelerated Designs. All rights reserved"; VariantName = "[No Variations]"
Add component (AddParameter): Name = "Datasheet"; Value = "https://www.molex.com/pdm_docs/sd/1050170001_sd.pdf"; VariantName = "[No Variations]"
Add component (AddParameter): Name = "Manufacturer_Part_Number"; Value = "105017-0001"; VariantName = "[No Variations]"
Add component (AddParameter): Name = "RefDes"; Value = "RefDes"; VariantName = "[No Variations]"
Add component (AddParameter): Name = "SourceLibrary"; Value = "Molex_2020-05-26"; VariantName = "[No Variations]"
Add component (AddParameter): Name = "Type"; Value = "DEV"; VariantName = "[No Variations]"
Add component (AddParameter): Name = "Vendor"; Value = "Molex Connector Corporation"; VariantName = "[No Variations]"
Added Component: Designator=M4(HC-05-06-TH)
Add component. Clean all parameters for all variants
Add component (AddParameter): Name = "Local Supplier"; Value = "HShop"; VariantName = "[No Variations]"
Add component (AddParameter): Name = "Local Supplier Link"; Value = "https://hshop.vn/products/mach-thu-phat-bluetooth-hc-05-do-ra-chon-master"; VariantName = "[No Variations]"
Add component (AddParameter): Name = "Local Supplier Part Number"; Value = "HS000882"; VariantName = "[No Variations]"
Add component (AddParameter): Name = "Manufacturer"; Value = ""; VariantName = "[No Variations]"
Add component (AddParameter): Name = "Manufacturer Part Number"; Value = ""; VariantName = "[No Variations]"
Added Component: Designator=M5(HC-05-06-SMD)
Add component. Clean all parameters for all variants
Add component (AddParameter): Name = "Local Supplier"; Value = "HShop"; VariantName = "[No Variations]"
Add component (AddParameter): Name = "Local Supplier Link"; Value = "https://hshop.vn/products/mach-thu-phat-bluetooth-hc-05-chua-ra-chon-master"; VariantName = "[No Variations]"
Add component (AddParameter): Name = "Local Supplier Part Number"; Value = "HS000881"; VariantName = "[No Variations]"
Add component (AddParameter): Name = "Manufacturer"; Value = ""; VariantName = "[No Variations]"
Add component (AddParameter): Name = "Manufacturer Part Number"; Value = ""; VariantName = "[No Variations]"
Added Component: Designator=M6(NRF24L01)
Add component. Clean all parameters for all variants
Add component (AddParameter): Name = "Local Supplier"; Value = "HShop"; VariantName = "[No Variations]"
Add component (AddParameter): Name = "Local Supplier Link"; Value = "https://hshop.vn/products/mach-thu-phat-nrf24l01-pa-2-4ghzcu-khech-dai-cung-suat-thu-phat"; VariantName = "[No Variations]"
Add component (AddParameter): Name = "Local Supplier Part Number"; Value = "HS000888"; VariantName = "[No Variations]"
Add component (AddParameter): Name = "Manufacturer"; Value = ""; VariantName = "[No Variations]"
Add component (AddParameter): Name = "Manufacturer Part Number"; Value = ""; VariantName = "[No Variations]"
Added Component: Designator=M7(LC12S)
Add component. Clean all parameters for all variants
Add component (AddParameter): Name = "Local Supplier"; Value = "HShop"; VariantName = "[No Variations]"
Add component (AddParameter): Name = "Local Supplier Link"; Value = "https://hshop.vn/products/mach-thu-phat-rf-uart-lc12s-2-4ghz"; VariantName = "[No Variations]"
Add component (AddParameter): Name = "Local Supplier Part Number"; Value = "HS000895"; VariantName = "[No Variations]"
Add component (AddParameter): Name = "Manufacturer"; Value = ""; VariantName = "[No Variations]"
Add component (AddParameter): Name = "Manufacturer Part Number"; Value = ""; VariantName = "[No Variations]"
Added Component: Designator=M8(HC12)
Add component. Clean all parameters for all variants
Add component (AddParameter): Name = "Local Supplier"; Value = "HShop"; VariantName = "[No Variations]"
Add component (AddParameter): Name = "Local Supplier Link"; Value = "https://hshop.vn/products/mach-thu-phat-rf-uart-si4463-433mhzkhoang-coch-1km"; VariantName = "[No Variations]"
Add component (AddParameter): Name = "Local Supplier Part Number"; Value = "HS000897"; VariantName = "[No Variations]"
Add component (AddParameter): Name = "Manufactuer Part Number"; Value = ""; VariantName = "[No Variations]"
Add component (AddParameter): Name = "Manufacturer"; Value = ""; VariantName = "[No Variations]"
Added Component: Designator=M9(HOLYBRO RADIO)
Add component. Clean all parameters for all variants
Add component (AddParameter): Name = "Manufacturer"; Value = ""; VariantName = "[No Variations]"
Add component (AddParameter): Name = "Manufacturer Part Number"; Value = ""; VariantName = "[No Variations]"
Add component (AddParameter): Name = "Supplier"; Value = ""; VariantName = "[No Variations]"
Add component (AddParameter): Name = "Supploer Link"; Value = "https://www.lazada.vn/products/ld-holybro-433mhz-915-mhz-500-mw-thu-phat-vo-tuyen-xa-bo-v3-cho-pixhawk-4-dieu-khien-chuyen-bay-i430804435-s768474304.html?spm=a2o4n.searchlist.list.4.25396b19yIS9XO&search=1"; VariantName = "[No Variations]"
Add component (AddParameter): Name = "Supploer Part Number"; Value = ""; VariantName = "[No Variations]"
Added Component: Designator=M10(ESP8266-12F)
Add component. Clean all parameters for all variants
Add component (AddParameter): Name = "Local Supplier"; Value = "HShop"; VariantName = "[No Variations]"
Add component (AddParameter): Name = "Local Supplier Link"; Value = "https://hshop.vn/products/mach-thu-phat-wifi-soc-esp8266-v12"; VariantName = "[No Variations]"
Add component (AddParameter): Name = "Local Supplier Link Part Number"; Value = "HS000912"; VariantName = "[No Variations]"
Add component (AddParameter): Name = "Manufacturer"; Value = ""; VariantName = "[No Variations]"
Add component (AddParameter): Name = "Manufacturer Part Number"; Value = ""; VariantName = "[No Variations]"
Added Component: Designator=P22(JP3)
Add component. Clean all parameters for all variants
Add component (AddParameter): Name = "LatestRevisionDate"; Value = "17-Jul-2002"; VariantName = "[No Variations]"
Add component (AddParameter): Name = "LatestRevisionNote"; Value = "Re-released for DXP Platform."; VariantName = "[No Variations]"
Add component (AddParameter): Name = "Publisher"; Value = "Altium Limited"; VariantName = "[No Variations]"
Added Component: Designator=P23(JP3)
Add component. Clean all parameters for all variants
Add component (AddParameter): Name = "LatestRevisionDate"; Value = "17-Jul-2002"; VariantName = "[No Variations]"
Add component (AddParameter): Name = "LatestRevisionNote"; Value = "Re-released for DXP Platform."; VariantName = "[No Variations]"
Add component (AddParameter): Name = "Publisher"; Value = "Altium Limited"; VariantName = "[No Variations]"
Added Component: Designator=P24(JP6)
Add component. Clean all parameters for all variants
Add component (AddParameter): Name = "LatestRevisionDate"; Value = "17-Jul-2002"; VariantName = "[No Variations]"
Add component (AddParameter): Name = "LatestRevisionNote"; Value = "Re-released for DXP Platform."; VariantName = "[No Variations]"
Add component (AddParameter): Name = "Publisher"; Value = "Altium Limited"; VariantName = "[No Variations]"
Added Component: Designator=P25(JP2)
Add component. Clean all parameters for all variants
Add component (AddParameter): Name = "LatestRevisionDate"; Value = "17-Jul-2002"; VariantName = "[No Variations]"
Add component (AddParameter): Name = "LatestRevisionNote"; Value = "Re-released for DXP Platform."; VariantName = "[No Variations]"
Add component (AddParameter): Name = "Publisher"; Value = "Altium Limited"; VariantName = "[No Variations]"
Added Component: Designator=P26(JP2)
Add component. Clean all parameters for all variants
Add component (AddParameter): Name = "LatestRevisionDate"; Value = "17-Jul-2002"; VariantName = "[No Variations]"
Add component (AddParameter): Name = "LatestRevisionNote"; Value = "Re-released for DXP Platform."; VariantName = "[No Variations]"
Add component (AddParameter): Name = "Publisher"; Value = "Altium Limited"; VariantName = "[No Variations]"
Added Component: Designator=P27(JP2)
Add component. Clean all parameters for all variants
Add component (AddParameter): Name = "LatestRevisionDate"; Value = "17-Jul-2002"; VariantName = "[No Variations]"
Add component (AddParameter): Name = "LatestRevisionNote"; Value = "Re-released for DXP Platform."; VariantName = "[No Variations]"
Add component (AddParameter): Name = "Publisher"; Value = "Altium Limited"; VariantName = "[No Variations]"
Added Component: Designator=P28(JP4)
Add component. Clean all parameters for all variants
Add component (AddParameter): Name = "LatestRevisionDate"; Value = "17-Jul-2002"; VariantName = "[No Variations]"
Add component (AddParameter): Name = "LatestRevisionNote"; Value = "Re-released for DXP Platform."; VariantName = "[No Variations]"
Add component (AddParameter): Name = "Publisher"; Value = "Altium Limited"; VariantName = "[No Variations]"
Added Component: Designator=P29(JP5)
Add component. Clean all parameters for all variants
Add component (AddParameter): Name = "LatestRevisionDate"; Value = "17-Jul-2002"; VariantName = "[No Variations]"
Add component (AddParameter): Name = "LatestRevisionNote"; Value = "Re-released for DXP Platform."; VariantName = "[No Variations]"
Add component (AddParameter): Name = "Publisher"; Value = "Altium Limited"; VariantName = "[No Variations]"
Added Component: Designator=P30(JP2)
Add component. Clean all parameters for all variants
Add component (AddParameter): Name = "LatestRevisionDate"; Value = "17-Jul-2002"; VariantName = "[No Variations]"
Add component (AddParameter): Name = "LatestRevisionNote"; Value = "Re-released for DXP Platform."; VariantName = "[No Variations]"
Add component (AddParameter): Name = "Publisher"; Value = "Altium Limited"; VariantName = "[No Variations]"
Added Component: Designator=P31(JP3)
Add component. Clean all parameters for all variants
Add component (AddParameter): Name = "LatestRevisionDate"; Value = "17-Jul-2002"; VariantName = "[No Variations]"
Add component (AddParameter): Name = "LatestRevisionNote"; Value = "Re-released for DXP Platform."; VariantName = "[No Variations]"
Add component (AddParameter): Name = "Publisher"; Value = "Altium Limited"; VariantName = "[No Variations]"
Added Component: Designator=P32(JP4)
Add component. Clean all parameters for all variants
Add component (AddParameter): Name = "LatestRevisionDate"; Value = "17-Jul-2002"; VariantName = "[No Variations]"
Add component (AddParameter): Name = "LatestRevisionNote"; Value = "Re-released for DXP Platform."; VariantName = "[No Variations]"
Add component (AddParameter): Name = "Publisher"; Value = "Altium Limited"; VariantName = "[No Variations]"
Added Component: Designator=Q3(SOT23_NEX)
Add component. Clean all parameters for all variants
Added Component: Designator=Q4(SOT23_NEX)
Add component. Clean all parameters for all variants
Added Component: Designator=Q5(SOT23_NEX)
Add component. Clean all parameters for all variants
Added Component: Designator=Q6(SOT23_NEX)
Add component. Clean all parameters for all variants
Added Component: Designator=R15(RES-SM-0805)
Add component. Clean all parameters for all variants
Add component (AddParameter): Name = "Local Supplier"; Value = "thegioiic"; VariantName = "[No Variations]"
Add component (AddParameter): Name = "Local Supplier Link"; Value = "https://www.thegioiic.com/products/dien-tro-470-kohm-0805-5"; VariantName = "[No Variations]"
Add component (AddParameter): Name = "Manufacturer"; Value = "YAG6006CT-ND"; VariantName = "[No Variations]"
Add component (AddParameter): Name = "Manufacturer Part Number"; Value = "PE0805FRF7W0R047L"; VariantName = "[No Variations]"
Add component (AddParameter): Name = "Supplier 1"; Value = "Digikey"; VariantName = "[No Variations]"
Add component (AddParameter): Name = "Supplier 1 Link"; Value = "https://www.digikey.com/product-detail/en/yageo/PE0805FRF7W0R047L/YAG6006CT-ND/9696460"; VariantName = "[No Variations]"
Add component (AddParameter): Name = "Supplier 1 Part Number"; Value = "YAG6006CT-ND"; VariantName = "[No Variations]"
Add component (AddParameter): Name = "Value"; Value = "470"; VariantName = "[No Variations]"
Added Component: Designator=R16(RES-SM-0805)
Add component. Clean all parameters for all variants
Add component (AddParameter): Name = "Local Supplier"; Value = "thegioiic"; VariantName = "[No Variations]"
Add component (AddParameter): Name = "Local Supplier Link"; Value = "https://www.thegioiic.com/products/dien-tro-470-kohm-0805-5"; VariantName = "[No Variations]"
Add component (AddParameter): Name = "Manufacturer"; Value = "YAG6006CT-ND"; VariantName = "[No Variations]"
Add component (AddParameter): Name = "Manufacturer Part Number"; Value = "PE0805FRF7W0R047L"; VariantName = "[No Variations]"
Add component (AddParameter): Name = "Supplier 1"; Value = "Digikey"; VariantName = "[No Variations]"
Add component (AddParameter): Name = "Supplier 1 Link"; Value = "https://www.digikey.com/product-detail/en/yageo/PE0805FRF7W0R047L/YAG6006CT-ND/9696460"; VariantName = "[No Variations]"
Add component (AddParameter): Name = "Supplier 1 Part Number"; Value = "YAG6006CT-ND"; VariantName = "[No Variations]"
Add component (AddParameter): Name = "Value"; Value = "470"; VariantName = "[No Variations]"
Added Component: Designator=R17(RES-SM-0805)
Add component. Clean all parameters for all variants
Add component (AddParameter): Name = "Local Supplier"; Value = "thegioiic"; VariantName = "[No Variations]"
Add component (AddParameter): Name = "Local Supplier Link"; Value = "https://www.thegioiic.com/products/dien-tro-470-kohm-0805-5"; VariantName = "[No Variations]"
Add component (AddParameter): Name = "Manufacturer"; Value = "YAG6006CT-ND"; VariantName = "[No Variations]"
Add component (AddParameter): Name = "Manufacturer Part Number"; Value = "PE0805FRF7W0R047L"; VariantName = "[No Variations]"
Add component (AddParameter): Name = "Supplier 1"; Value = "Digikey"; VariantName = "[No Variations]"
Add component (AddParameter): Name = "Supplier 1 Link"; Value = "https://www.digikey.com/product-detail/en/yageo/PE0805FRF7W0R047L/YAG6006CT-ND/9696460"; VariantName = "[No Variations]"
Add component (AddParameter): Name = "Supplier 1 Part Number"; Value = "YAG6006CT-ND"; VariantName = "[No Variations]"
Add component (AddParameter): Name = "Value"; Value = "470"; VariantName = "[No Variations]"
Added Component: Designator=R18(RES-SM-0805)
Add component. Clean all parameters for all variants
Add component (AddParameter): Name = "Local Supplier"; Value = "thegioiic"; VariantName = "[No Variations]"
Add component (AddParameter): Name = "Local Supplier Link"; Value = "https://thegioiic.com/products/dien-tro-2-2k-ohm-0805-5"; VariantName = "[No Variations]"
Add component (AddParameter): Name = "Manufacturer"; Value = "TE Connectivity Passive Product"; VariantName = "[No Variations]"
Add component (AddParameter): Name = "Manufacturer Part Number"; Value = "CRG0805F2K2"; VariantName = "[No Variations]"
Add component (AddParameter): Name = "Supplier 1"; Value = "Digikey"; VariantName = "[No Variations]"
Add component (AddParameter): Name = "Supplier 1 Link"; Value = "https://www.digikey.com/product-detail/en/te-connectivity-passive-product/CRG0805F2K2/A106060CT-ND/3477706"; VariantName = "[No Variations]"
Add component (AddParameter): Name = "Supplier 1 Part Number"; Value = "A106060CT-ND"; VariantName = "[No Variations]"
Add component (AddParameter): Name = "Value"; Value = "2.2K"; VariantName = "[No Variations]"
Added Component: Designator=R19(RES-SM-0805)
Add component. Clean all parameters for all variants
Add component (AddParameter): Name = "Local Supplier"; Value = "thegioiic"; VariantName = "[No Variations]"
Add component (AddParameter): Name = "Local Supplier Link"; Value = "https://thegioiic.com/products/dien-tro-10k-ohm-0805-5"; VariantName = "[No Variations]"
Add component (AddParameter): Name = "Manufacturer"; Value = "Stackpole Electronics Inc"; VariantName = "[No Variations]"
Add component (AddParameter): Name = "Manufacturer Part Number"; Value = "RNCP0805FTD10K0"; VariantName = "[No Variations]"
Add component (AddParameter): Name = "Supplier 1"; Value = "Digikey"; VariantName = "[No Variations]"
Add component (AddParameter): Name = "Supplier 1 Link"; Value = "https://www.digikey.com/product-detail/en/stackpole-electronics-inc/RNCP0805FTD10K0/RNCP0805FTD10K0CT-ND/2240601"; VariantName = "[No Variations]"
Add component (AddParameter): Name = "Supplier 1 Part Number"; Value = "RNCP0805FTD10K0CT-ND"; VariantName = "[No Variations]"
Add component (AddParameter): Name = "Value"; Value = "10K"; VariantName = "[No Variations]"
Added Component: Designator=R20(RES-SM-0805)
Add component. Clean all parameters for all variants
Add component (AddParameter): Name = "Local Supplier"; Value = "icdayroi"; VariantName = "[No Variations]"
Add component (AddParameter): Name = "Local Supplier Link"; Value = "https://icdayroi.com/dien-tro-12k-0805-1-goi-50-con"; VariantName = "[No Variations]"
Add component (AddParameter): Name = "Manufacturer"; Value = "Vishay Thin Film"; VariantName = "[No Variations]"
Add component (AddParameter): Name = "Manufacturer Part Number"; Value = "PAT0805E3121BST1"; VariantName = "[No Variations]"
Add component (AddParameter): Name = "Supplier 1"; Value = "Digikey"; VariantName = "[No Variations]"
Add component (AddParameter): Name = "Supplier 1 Link"; Value = "https://www.digikey.com/product-detail/en/vishay-thin-film/PAT0805E3121BST1/PAT0805E3121BST1-ND/2281536"; VariantName = "[No Variations]"
Add component (AddParameter): Name = "Supplier 1 Part Number"; Value = "PAT0805E3121BST1-ND"; VariantName = "[No Variations]"
Add component (AddParameter): Name = "Value"; Value = "12K"; VariantName = "[No Variations]"
Added Component: Designator=R21(RES-SM-0805)
Add component. Clean all parameters for all variants
Add component (AddParameter): Name = "Local Supplier"; Value = "thegioiic"; VariantName = "[No Variations]"
Add component (AddParameter): Name = "Local Supplier Link"; Value = "https://thegioiic.com/products/dien-tro-1k-ohm-0805-5"; VariantName = "[No Variations]"
Add component (AddParameter): Name = "Manufacturer"; Value = "Stackpole Electronics Inc"; VariantName = "[No Variations]"
Add component (AddParameter): Name = "Manufacturer Part Number"; Value = "RNCP0805FTD1K00"; VariantName = "[No Variations]"
Add component (AddParameter): Name = "Supplier 1"; Value = "Digikey"; VariantName = "[No Variations]"
Add component (AddParameter): Name = "Supplier 1 Link"; Value = "https://www.digikey.com/product-detail/en/stackpole-electronics-inc/RNCP0805FTD1K00/RNCP0805FTD1K00CT-ND/2240568"; VariantName = "[No Variations]"
Add component (AddParameter): Name = "Supplier 1 Part Number"; Value = "RNCP0805FTD1K00CT-ND"; VariantName = "[No Variations]"
Add component (AddParameter): Name = "Value"; Value = "1K"; VariantName = "[No Variations]"
Added Component: Designator=R22(RES-SM-0805)
Add component. Clean all parameters for all variants
Add component (AddParameter): Name = "Local Supplier"; Value = "icdayroi"; VariantName = "[No Variations]"
Add component (AddParameter): Name = "Local Supplier Link"; Value = "https://icdayroi.com/dien-tro-12k-0805-1-goi-50-con"; VariantName = "[No Variations]"
Add component (AddParameter): Name = "Manufacturer"; Value = "Vishay Thin Film"; VariantName = "[No Variations]"
Add component (AddParameter): Name = "Manufacturer Part Number"; Value = "PAT0805E3121BST1"; VariantName = "[No Variations]"
Add component (AddParameter): Name = "Supplier 1"; Value = "Digikey"; VariantName = "[No Variations]"
Add component (AddParameter): Name = "Supplier 1 Link"; Value = "https://www.digikey.com/product-detail/en/vishay-thin-film/PAT0805E3121BST1/PAT0805E3121BST1-ND/2281536"; VariantName = "[No Variations]"
Add component (AddParameter): Name = "Supplier 1 Part Number"; Value = "PAT0805E3121BST1-ND"; VariantName = "[No Variations]"
Add component (AddParameter): Name = "Value"; Value = "12K"; VariantName = "[No Variations]"
Added Component: Designator=R23(RES-SM-0805)
Add component. Clean all parameters for all variants
Add component (AddParameter): Name = "Local Supplier"; Value = "thegioiic"; VariantName = "[No Variations]"
Add component (AddParameter): Name = "Local Supplier Link"; Value = "https://thegioiic.com/products/dien-tro-1k-ohm-0805-5"; VariantName = "[No Variations]"
Add component (AddParameter): Name = "Manufacturer"; Value = "Stackpole Electronics Inc"; VariantName = "[No Variations]"
Add component (AddParameter): Name = "Manufacturer Part Number"; Value = "RNCP0805FTD1K00"; VariantName = "[No Variations]"
Add component (AddParameter): Name = "Supplier 1"; Value = "Digikey"; VariantName = "[No Variations]"
Add component (AddParameter): Name = "Supplier 1 Link"; Value = "https://www.digikey.com/product-detail/en/stackpole-electronics-inc/RNCP0805FTD1K00/RNCP0805FTD1K00CT-ND/2240568"; VariantName = "[No Variations]"
Add component (AddParameter): Name = "Supplier 1 Part Number"; Value = "RNCP0805FTD1K00CT-ND"; VariantName = "[No Variations]"
Add component (AddParameter): Name = "Value"; Value = "1K"; VariantName = "[No Variations]"
Added Component: Designator=R24(RES-SM-0805)
Add component. Clean all parameters for all variants
Add component (AddParameter): Name = "Local Supplier"; Value = "icdayroi"; VariantName = "[No Variations]"
Add component (AddParameter): Name = "Local Supplier Link"; Value = "https://icdayroi.com/dien-tro-12k-0805-1-goi-50-con"; VariantName = "[No Variations]"
Add component (AddParameter): Name = "Manufacturer"; Value = "Vishay Thin Film"; VariantName = "[No Variations]"
Add component (AddParameter): Name = "Manufacturer Part Number"; Value = "PAT0805E3121BST1"; VariantName = "[No Variations]"
Add component (AddParameter): Name = "Supplier 1"; Value = "Digikey"; VariantName = "[No Variations]"
Add component (AddParameter): Name = "Supplier 1 Link"; Value = "https://www.digikey.com/product-detail/en/vishay-thin-film/PAT0805E3121BST1/PAT0805E3121BST1-ND/2281536"; VariantName = "[No Variations]"
Add component (AddParameter): Name = "Supplier 1 Part Number"; Value = "PAT0805E3121BST1-ND"; VariantName = "[No Variations]"
Add component (AddParameter): Name = "Value"; Value = "12K"; VariantName = "[No Variations]"
Added Component: Designator=R25(RES-SM-0805)
Add component. Clean all parameters for all variants
Add component (AddParameter): Name = "Local Supplier"; Value = "icdayroi"; VariantName = "[No Variations]"
Add component (AddParameter): Name = "Local Supplier Link"; Value = "https://icdayroi.com/dien-tro-12k-0805-1-goi-50-con"; VariantName = "[No Variations]"
Add component (AddParameter): Name = "Manufacturer"; Value = "Vishay Thin Film"; VariantName = "[No Variations]"
Add component (AddParameter): Name = "Manufacturer Part Number"; Value = "PAT0805E3121BST1"; VariantName = "[No Variations]"
Add component (AddParameter): Name = "Supplier 1"; Value = "Digikey"; VariantName = "[No Variations]"
Add component (AddParameter): Name = "Supplier 1 Link"; Value = "https://www.digikey.com/product-detail/en/vishay-thin-film/PAT0805E3121BST1/PAT0805E3121BST1-ND/2281536"; VariantName = "[No Variations]"
Add component (AddParameter): Name = "Supplier 1 Part Number"; Value = "PAT0805E3121BST1-ND"; VariantName = "[No Variations]"
Add component (AddParameter): Name = "Value"; Value = "12K"; VariantName = "[No Variations]"
Added Component: Designator=R26(RES-SM-0805)
Add component. Clean all parameters for all variants
Add component (AddParameter): Name = "Local Supplier"; Value = "thegioiic"; VariantName = "[No Variations]"
Add component (AddParameter): Name = "Local Supplier Link"; Value = "https://thegioiic.com/products/dien-tro-1k-ohm-0805-5"; VariantName = "[No Variations]"
Add component (AddParameter): Name = "Manufacturer"; Value = "Stackpole Electronics Inc"; VariantName = "[No Variations]"
Add component (AddParameter): Name = "Manufacturer Part Number"; Value = "RNCP0805FTD1K00"; VariantName = "[No Variations]"
Add component (AddParameter): Name = "Supplier 1"; Value = "Digikey"; VariantName = "[No Variations]"
Add component (AddParameter): Name = "Supplier 1 Link"; Value = "https://www.digikey.com/product-detail/en/stackpole-electronics-inc/RNCP0805FTD1K00/RNCP0805FTD1K00CT-ND/2240568"; VariantName = "[No Variations]"
Add component (AddParameter): Name = "Supplier 1 Part Number"; Value = "RNCP0805FTD1K00CT-ND"; VariantName = "[No Variations]"
Add component (AddParameter): Name = "Value"; Value = "1K"; VariantName = "[No Variations]"
Added Component: Designator=R27(RES-SM-0805)
Add component. Clean all parameters for all variants
Add component (AddParameter): Name = "Local Supplier"; Value = "icdayroi"; VariantName = "[No Variations]"
Add component (AddParameter): Name = "Local Supplier Link"; Value = "https://icdayroi.com/dien-tro-12k-0805-1-goi-50-con"; VariantName = "[No Variations]"
Add component (AddParameter): Name = "Manufacturer"; Value = "Vishay Thin Film"; VariantName = "[No Variations]"
Add component (AddParameter): Name = "Manufacturer Part Number"; Value = "PAT0805E3121BST1"; VariantName = "[No Variations]"
Add component (AddParameter): Name = "Supplier 1"; Value = "Digikey"; VariantName = "[No Variations]"
Add component (AddParameter): Name = "Supplier 1 Link"; Value = "https://www.digikey.com/product-detail/en/vishay-thin-film/PAT0805E3121BST1/PAT0805E3121BST1-ND/2281536"; VariantName = "[No Variations]"
Add component (AddParameter): Name = "Supplier 1 Part Number"; Value = "PAT0805E3121BST1-ND"; VariantName = "[No Variations]"
Add component (AddParameter): Name = "Value"; Value = "12K"; VariantName = "[No Variations]"
Added Component: Designator=R28(RES-SM-0805)
Add component. Clean all parameters for all variants
Add component (AddParameter): Name = "Local Supplier"; Value = "thegioiic"; VariantName = "[No Variations]"
Add component (AddParameter): Name = "Local Supplier Link"; Value = "https://thegioiic.com/products/dien-tro-1k-ohm-0805-5"; VariantName = "[No Variations]"
Add component (AddParameter): Name = "Manufacturer"; Value = "Stackpole Electronics Inc"; VariantName = "[No Variations]"
Add component (AddParameter): Name = "Manufacturer Part Number"; Value = "RNCP0805FTD1K00"; VariantName = "[No Variations]"
Add component (AddParameter): Name = "Supplier 1"; Value = "Digikey"; VariantName = "[No Variations]"
Add component (AddParameter): Name = "Supplier 1 Link"; Value = "https://www.digikey.com/product-detail/en/stackpole-electronics-inc/RNCP0805FTD1K00/RNCP0805FTD1K00CT-ND/2240568"; VariantName = "[No Variations]"
Add component (AddParameter): Name = "Supplier 1 Part Number"; Value = "RNCP0805FTD1K00CT-ND"; VariantName = "[No Variations]"
Add component (AddParameter): Name = "Value"; Value = "1K"; VariantName = "[No Variations]"
Added Component: Designator=R29(RES-SM-0805)
Add component. Clean all parameters for all variants
Add component (AddParameter): Name = "Local Supplier"; Value = "icdayroi"; VariantName = "[No Variations]"
Add component (AddParameter): Name = "Local Supplier Link"; Value = "https://icdayroi.com/dien-tro-12k-0805-1-goi-50-con"; VariantName = "[No Variations]"
Add component (AddParameter): Name = "Manufacturer"; Value = "Vishay Thin Film"; VariantName = "[No Variations]"
Add component (AddParameter): Name = "Manufacturer Part Number"; Value = "PAT0805E3121BST1"; VariantName = "[No Variations]"
Add component (AddParameter): Name = "Supplier 1"; Value = "Digikey"; VariantName = "[No Variations]"
Add component (AddParameter): Name = "Supplier 1 Link"; Value = "https://www.digikey.com/product-detail/en/vishay-thin-film/PAT0805E3121BST1/PAT0805E3121BST1-ND/2281536"; VariantName = "[No Variations]"
Add component (AddParameter): Name = "Supplier 1 Part Number"; Value = "PAT0805E3121BST1-ND"; VariantName = "[No Variations]"
Add component (AddParameter): Name = "Value"; Value = "12K"; VariantName = "[No Variations]"
Added Component: Designator=R30(RES-SM-0805)
Add component. Clean all parameters for all variants
Add component (AddParameter): Name = "Local Supplier"; Value = "icdayroi"; VariantName = "[No Variations]"
Add component (AddParameter): Name = "Local Supplier Link"; Value = "https://icdayroi.com/dien-tro-12k-0805-1-goi-50-con"; VariantName = "[No Variations]"
Add component (AddParameter): Name = "Manufacturer"; Value = "Vishay Thin Film"; VariantName = "[No Variations]"
Add component (AddParameter): Name = "Manufacturer Part Number"; Value = "PAT0805E3121BST1"; VariantName = "[No Variations]"
Add component (AddParameter): Name = "Supplier 1"; Value = "Digikey"; VariantName = "[No Variations]"
Add component (AddParameter): Name = "Supplier 1 Link"; Value = "https://www.digikey.com/product-detail/en/vishay-thin-film/PAT0805E3121BST1/PAT0805E3121BST1-ND/2281536"; VariantName = "[No Variations]"
Add component (AddParameter): Name = "Supplier 1 Part Number"; Value = "PAT0805E3121BST1-ND"; VariantName = "[No Variations]"
Add component (AddParameter): Name = "Value"; Value = "12K"; VariantName = "[No Variations]"
Added Component: Designator=R31(RES-SM-0805)
Add component. Clean all parameters for all variants
Add component (AddParameter): Name = "Local Supplier"; Value = "thegioiic"; VariantName = "[No Variations]"
Add component (AddParameter): Name = "Local Supplier Link"; Value = "https://thegioiic.com/products/dien-tro-1k-ohm-0805-5"; VariantName = "[No Variations]"
Add component (AddParameter): Name = "Manufacturer"; Value = "Stackpole Electronics Inc"; VariantName = "[No Variations]"
Add component (AddParameter): Name = "Manufacturer Part Number"; Value = "RNCP0805FTD1K00"; VariantName = "[No Variations]"
Add component (AddParameter): Name = "Supplier 1"; Value = "Digikey"; VariantName = "[No Variations]"
Add component (AddParameter): Name = "Supplier 1 Link"; Value = "https://www.digikey.com/product-detail/en/stackpole-electronics-inc/RNCP0805FTD1K00/RNCP0805FTD1K00CT-ND/2240568"; VariantName = "[No Variations]"
Add component (AddParameter): Name = "Supplier 1 Part Number"; Value = "RNCP0805FTD1K00CT-ND"; VariantName = "[No Variations]"
Add component (AddParameter): Name = "Value"; Value = "1K"; VariantName = "[No Variations]"
Added Component: Designator=R32(RES-SM-0805)
Add component. Clean all parameters for all variants
Add component (AddParameter): Name = "Local Supplier"; Value = "thegioiic"; VariantName = "[No Variations]"
Add component (AddParameter): Name = "Local Supplier Link"; Value = "https://thegioiic.com/products/dien-tro-1k-ohm-0805-5"; VariantName = "[No Variations]"
Add component (AddParameter): Name = "Manufacturer"; Value = "Stackpole Electronics Inc"; VariantName = "[No Variations]"
Add component (AddParameter): Name = "Manufacturer Part Number"; Value = "RNCP0805FTD1K00"; VariantName = "[No Variations]"
Add component (AddParameter): Name = "Supplier 1"; Value = "Digikey"; VariantName = "[No Variations]"
Add component (AddParameter): Name = "Supplier 1 Link"; Value = "https://www.digikey.com/product-detail/en/stackpole-electronics-inc/RNCP0805FTD1K00/RNCP0805FTD1K00CT-ND/2240568"; VariantName = "[No Variations]"
Add component (AddParameter): Name = "Supplier 1 Part Number"; Value = "RNCP0805FTD1K00CT-ND"; VariantName = "[No Variations]"
Add component (AddParameter): Name = "Value"; Value = "1K"; VariantName = "[No Variations]"
Added Component: Designator=R33(RES-SM-0805)
Add component. Clean all parameters for all variants
Add component (AddParameter): Name = "Local Supplier"; Value = "thegioiic"; VariantName = "[No Variations]"
Add component (AddParameter): Name = "Local Supplier Link"; Value = "https://thegioiic.com/products/dien-tro-1k-ohm-0805-5"; VariantName = "[No Variations]"
Add component (AddParameter): Name = "Manufacturer"; Value = "Stackpole Electronics Inc"; VariantName = "[No Variations]"
Add component (AddParameter): Name = "Manufacturer Part Number"; Value = "RNCP0805FTD1K00"; VariantName = "[No Variations]"
Add component (AddParameter): Name = "Supplier 1"; Value = "Digikey"; VariantName = "[No Variations]"
Add component (AddParameter): Name = "Supplier 1 Link"; Value = "https://www.digikey.com/product-detail/en/stackpole-electronics-inc/RNCP0805FTD1K00/RNCP0805FTD1K00CT-ND/2240568"; VariantName = "[No Variations]"
Add component (AddParameter): Name = "Supplier 1 Part Number"; Value = "RNCP0805FTD1K00CT-ND"; VariantName = "[No Variations]"
Add component (AddParameter): Name = "Value"; Value = "1K"; VariantName = "[No Variations]"
Added Component: Designator=R34(RES-SM-0805)
Add component. Clean all parameters for all variants
Add component (AddParameter): Name = "Local Supplier"; Value = "thegioiic"; VariantName = "[No Variations]"
Add component (AddParameter): Name = "Local Supplier Link"; Value = "https://thegioiic.com/products/dien-tro-1k-ohm-0805-5"; VariantName = "[No Variations]"
Add component (AddParameter): Name = "Manufacturer"; Value = "Stackpole Electronics Inc"; VariantName = "[No Variations]"
Add component (AddParameter): Name = "Manufacturer Part Number"; Value = "RNCP0805FTD1K00"; VariantName = "[No Variations]"
Add component (AddParameter): Name = "Supplier 1"; Value = "Digikey"; VariantName = "[No Variations]"
Add component (AddParameter): Name = "Supplier 1 Link"; Value = "https://www.digikey.com/product-detail/en/stackpole-electronics-inc/RNCP0805FTD1K00/RNCP0805FTD1K00CT-ND/2240568"; VariantName = "[No Variations]"
Add component (AddParameter): Name = "Supplier 1 Part Number"; Value = "RNCP0805FTD1K00CT-ND"; VariantName = "[No Variations]"
Add component (AddParameter): Name = "Value"; Value = "1K"; VariantName = "[No Variations]"
Added Component: Designator=R35(RES-SM-0805)
Add component. Clean all parameters for all variants
Add component (AddParameter): Name = "Local Supplier"; Value = "thegioiic"; VariantName = "[No Variations]"
Add component (AddParameter): Name = "Local Supplier Link"; Value = "https://thegioiic.com/products/dien-tro-10k-ohm-0805-5"; VariantName = "[No Variations]"
Add component (AddParameter): Name = "Manufacturer"; Value = "Stackpole Electronics Inc"; VariantName = "[No Variations]"
Add component (AddParameter): Name = "Manufacturer Part Number"; Value = "RNCP0805FTD10K0"; VariantName = "[No Variations]"
Add component (AddParameter): Name = "Supplier 1"; Value = "Digikey"; VariantName = "[No Variations]"
Add component (AddParameter): Name = "Supplier 1 Link"; Value = "https://www.digikey.com/product-detail/en/stackpole-electronics-inc/RNCP0805FTD10K0/RNCP0805FTD10K0CT-ND/2240601"; VariantName = "[No Variations]"
Add component (AddParameter): Name = "Supplier 1 Part Number"; Value = "RNCP0805FTD10K0CT-ND"; VariantName = "[No Variations]"
Add component (AddParameter): Name = "Value"; Value = "10K"; VariantName = "[No Variations]"
Added Component: Designator=R36(RES-SM-0805)
Add component. Clean all parameters for all variants
Add component (AddParameter): Name = "Local Supplier"; Value = "thegioiic"; VariantName = "[No Variations]"
Add component (AddParameter): Name = "Local Supplier Link"; Value = "https://thegioiic.com/products/dien-tro-10k-ohm-0805-5"; VariantName = "[No Variations]"
Add component (AddParameter): Name = "Manufacturer"; Value = "Stackpole Electronics Inc"; VariantName = "[No Variations]"
Add component (AddParameter): Name = "Manufacturer Part Number"; Value = "RNCP0805FTD10K0"; VariantName = "[No Variations]"
Add component (AddParameter): Name = "Supplier 1"; Value = "Digikey"; VariantName = "[No Variations]"
Add component (AddParameter): Name = "Supplier 1 Link"; Value = "https://www.digikey.com/product-detail/en/stackpole-electronics-inc/RNCP0805FTD10K0/RNCP0805FTD10K0CT-ND/2240601"; VariantName = "[No Variations]"
Add component (AddParameter): Name = "Supplier 1 Part Number"; Value = "RNCP0805FTD10K0CT-ND"; VariantName = "[No Variations]"
Add component (AddParameter): Name = "Value"; Value = "10K"; VariantName = "[No Variations]"
Added Component: Designator=R37(RES-SM-0805)
Add component. Clean all parameters for all variants
Add component (AddParameter): Name = "Local Supplier"; Value = "thegioiic"; VariantName = "[No Variations]"
Add component (AddParameter): Name = "Local Supplier Link"; Value = "https://thegioiic.com/products/dien-tro-1k-ohm-0805-5"; VariantName = "[No Variations]"
Add component (AddParameter): Name = "Manufacturer"; Value = "Stackpole Electronics Inc"; VariantName = "[No Variations]"
Add component (AddParameter): Name = "Manufacturer Part Number"; Value = "RNCP0805FTD1K00"; VariantName = "[No Variations]"
Add component (AddParameter): Name = "Supplier 1"; Value = "Digikey"; VariantName = "[No Variations]"
Add component (AddParameter): Name = "Supplier 1 Link"; Value = "https://www.digikey.com/product-detail/en/stackpole-electronics-inc/RNCP0805FTD1K00/RNCP0805FTD1K00CT-ND/2240568"; VariantName = "[No Variations]"
Add component (AddParameter): Name = "Supplier 1 Part Number"; Value = "RNCP0805FTD1K00CT-ND"; VariantName = "[No Variations]"
Add component (AddParameter): Name = "Value"; Value = "1K"; VariantName = "[No Variations]"
Added Component: Designator=R38(RES-SM-0805)
Add component. Clean all parameters for all variants
Add component (AddParameter): Name = "Local Supplier"; Value = "thegioiic"; VariantName = "[No Variations]"
Add component (AddParameter): Name = "Local Supplier Link"; Value = "https://thegioiic.com/products/dien-tro-1k-ohm-0805-5"; VariantName = "[No Variations]"
Add component (AddParameter): Name = "Manufacturer"; Value = "Stackpole Electronics Inc"; VariantName = "[No Variations]"
Add component (AddParameter): Name = "Manufacturer Part Number"; Value = "RNCP0805FTD1K00"; VariantName = "[No Variations]"
Add component (AddParameter): Name = "Supplier 1"; Value = "Digikey"; VariantName = "[No Variations]"
Add component (AddParameter): Name = "Supplier 1 Link"; Value = "https://www.digikey.com/product-detail/en/stackpole-electronics-inc/RNCP0805FTD1K00/RNCP0805FTD1K00CT-ND/2240568"; VariantName = "[No Variations]"
Add component (AddParameter): Name = "Supplier 1 Part Number"; Value = "RNCP0805FTD1K00CT-ND"; VariantName = "[No Variations]"
Add component (AddParameter): Name = "Value"; Value = "1K"; VariantName = "[No Variations]"
Added Component: Designator=S5(434113043826)
Add component. Clean all parameters for all variants
Add component (AddParameter): Name = "ComponentLink1Description"; Value = "Manufacturer"; VariantName = "[No Variations]"
Add component (AddParameter): Name = "ComponentLink1URL"; Value = "http://www.we-online.de"; VariantName = "[No Variations]"
Add component (AddParameter): Name = "ComponentLink2Description"; Value = "Datasheet"; VariantName = "[No Variations]"
Add component (AddParameter): Name = "ComponentLink2URL"; Value = "https://katalog.we-online.com/em/datasheet/434113043826.pdf"; VariantName = "[No Variations]"
Add component (AddParameter): Name = "Contact Material"; Value = "Stainless Steel"; VariantName = "[No Variations]"
Add component (AddParameter): Name = "Contact Plating"; Value = "Silver"; VariantName = "[No Variations]"
Add component (AddParameter): Name = "Height"; Value = "4.3mm"; VariantName = "[No Variations]"
Add component (AddParameter): Name = "Mounting Technology"; Value = "SMT"; VariantName = "[No Variations]"
Add component (AddParameter): Name = "Operating Temperature"; Value = "-40 to +85degC"; VariantName = "[No Variations]"
Add component (AddParameter): Name = "Operation Force"; Value = "260gf"; VariantName = "[No Variations]"
Add component (AddParameter): Name = "Packaging"; Value = "Tape and Reel"; VariantName = "[No Variations]"
Add component (AddParameter): Name = "Part Number"; Value = "434113043826"; VariantName = "[No Variations]"
Add component (AddParameter): Name = "Published Date"; Value = "September 2019"; VariantName = "[No Variations]"
Add component (AddParameter): Name = "Publisher"; Value = "Wurth Elektronik"; VariantName = "[No Variations]"
Add component (AddParameter): Name = "Rated Current"; Value = "50mA"; VariantName = "[No Variations]"
Add component (AddParameter): Name = "Rated Voltage"; Value = "12VDC"; VariantName = "[No Variations]"
Add component (AddParameter): Name = "Terminal Material"; Value = "Copper Alloy"; VariantName = "[No Variations]"
Add component (AddParameter): Name = "Terminal Plating"; Value = "Silver"; VariantName = "[No Variations]"
Add component (AddParameter): Name = "Washable"; Value = "No"; VariantName = "[No Variations]"
Added Component: Designator=S6(434113043826)
Add component. Clean all parameters for all variants
Add component (AddParameter): Name = "ComponentLink1Description"; Value = "Manufacturer"; VariantName = "[No Variations]"
Add component (AddParameter): Name = "ComponentLink1URL"; Value = "http://www.we-online.de"; VariantName = "[No Variations]"
Add component (AddParameter): Name = "ComponentLink2Description"; Value = "Datasheet"; VariantName = "[No Variations]"
Add component (AddParameter): Name = "ComponentLink2URL"; Value = "https://katalog.we-online.com/em/datasheet/434113043826.pdf"; VariantName = "[No Variations]"
Add component (AddParameter): Name = "Contact Material"; Value = "Stainless Steel"; VariantName = "[No Variations]"
Add component (AddParameter): Name = "Contact Plating"; Value = "Silver"; VariantName = "[No Variations]"
Add component (AddParameter): Name = "Height"; Value = "4.3mm"; VariantName = "[No Variations]"
Add component (AddParameter): Name = "Mounting Technology"; Value = "SMT"; VariantName = "[No Variations]"
Add component (AddParameter): Name = "Operating Temperature"; Value = "-40 to +85degC"; VariantName = "[No Variations]"
Add component (AddParameter): Name = "Operation Force"; Value = "260gf"; VariantName = "[No Variations]"
Add component (AddParameter): Name = "Packaging"; Value = "Tape and Reel"; VariantName = "[No Variations]"
Add component (AddParameter): Name = "Part Number"; Value = "434113043826"; VariantName = "[No Variations]"
Add component (AddParameter): Name = "Published Date"; Value = "September 2019"; VariantName = "[No Variations]"
Add component (AddParameter): Name = "Publisher"; Value = "Wurth Elektronik"; VariantName = "[No Variations]"
Add component (AddParameter): Name = "Rated Current"; Value = "50mA"; VariantName = "[No Variations]"
Add component (AddParameter): Name = "Rated Voltage"; Value = "12VDC"; VariantName = "[No Variations]"
Add component (AddParameter): Name = "Terminal Material"; Value = "Copper Alloy"; VariantName = "[No Variations]"
Add component (AddParameter): Name = "Terminal Plating"; Value = "Silver"; VariantName = "[No Variations]"
Add component (AddParameter): Name = "Washable"; Value = "No"; VariantName = "[No Variations]"
Added Component: Designator=S7(434113043826)
Add component. Clean all parameters for all variants
Add component (AddParameter): Name = "ComponentLink1Description"; Value = "Manufacturer"; VariantName = "[No Variations]"
Add component (AddParameter): Name = "ComponentLink1URL"; Value = "http://www.we-online.de"; VariantName = "[No Variations]"
Add component (AddParameter): Name = "ComponentLink2Description"; Value = "Datasheet"; VariantName = "[No Variations]"
Add component (AddParameter): Name = "ComponentLink2URL"; Value = "https://katalog.we-online.com/em/datasheet/434113043826.pdf"; VariantName = "[No Variations]"
Add component (AddParameter): Name = "Contact Material"; Value = "Stainless Steel"; VariantName = "[No Variations]"
Add component (AddParameter): Name = "Contact Plating"; Value = "Silver"; VariantName = "[No Variations]"
Add component (AddParameter): Name = "Height"; Value = "4.3mm"; VariantName = "[No Variations]"
Add component (AddParameter): Name = "Mounting Technology"; Value = "SMT"; VariantName = "[No Variations]"
Add component (AddParameter): Name = "Operating Temperature"; Value = "-40 to +85degC"; VariantName = "[No Variations]"
Add component (AddParameter): Name = "Operation Force"; Value = "260gf"; VariantName = "[No Variations]"
Add component (AddParameter): Name = "Packaging"; Value = "Tape and Reel"; VariantName = "[No Variations]"
Add component (AddParameter): Name = "Part Number"; Value = "434113043826"; VariantName = "[No Variations]"
Add component (AddParameter): Name = "Published Date"; Value = "September 2019"; VariantName = "[No Variations]"
Add component (AddParameter): Name = "Publisher"; Value = "Wurth Elektronik"; VariantName = "[No Variations]"
Add component (AddParameter): Name = "Rated Current"; Value = "50mA"; VariantName = "[No Variations]"
Add component (AddParameter): Name = "Rated Voltage"; Value = "12VDC"; VariantName = "[No Variations]"
Add component (AddParameter): Name = "Terminal Material"; Value = "Copper Alloy"; VariantName = "[No Variations]"
Add component (AddParameter): Name = "Terminal Plating"; Value = "Silver"; VariantName = "[No Variations]"
Add component (AddParameter): Name = "Washable"; Value = "No"; VariantName = "[No Variations]"
Added Component: Designator=U5(CP2102-GM)
Add component. Clean all parameters for all variants
Add component (AddParameter): Name = "Built_By"; Value = "EMA_UL_Team"; VariantName = "[No Variations]"
Add component (AddParameter): Name = "Copyright"; Value = "Copyright (C) 2018 Accelerated Designs. All rights reserved"; VariantName = "[No Variations]"
Add component (AddParameter): Name = "Manufacturer_Part_Number"; Value = "CP2102-GM"; VariantName = "[No Variations]"
Add component (AddParameter): Name = "RefDes"; Value = "RefDes"; VariantName = "[No Variations]"
Add component (AddParameter): Name = "SourceLibrary"; Value = "Silicon_Labs_2015-03-23"; VariantName = "[No Variations]"
Add component (AddParameter): Name = "Type"; Value = "DEV"; VariantName = "[No Variations]"
Add component (AddParameter): Name = "Vendor"; Value = "Silicon Labs"; VariantName = "[No Variations]"
Added Component: Designator=U6(DWM1001)
Add component. Clean all parameters for all variants
Added Pin To Net: NetName=GND Pin=C21-1
Added Pin To Net: NetName=5V Pin=C21-2
Added Pin To Net: NetName=GND Pin=C22-1
Added Pin To Net: NetName=3V3_RF Pin=C22-2
Added Pin To Net: NetName=GND Pin=C23-1
Added Pin To Net: NetName=GND Pin=C24-1
Added Pin To Net: NetName=5V Pin=C24-2
Added Pin To Net: NetName=GND Pin=C25-1
Added Pin To Net: NetName=3V3_WIFI Pin=C26-1
Added Pin To Net: NetName=GND Pin=C26-2
Added Pin To Net: NetName=GND Pin=C27-1
Added Pin To Net: NetName=3V3_WIFI Pin=C28-1
Added Pin To Net: NetName=GND Pin=C28-2
Added Pin To Net: NetName=GND Pin=C29-1
Added Pin To Net: NetName=3V3_WIFI Pin=C29-2
Added Pin To Net: NetName=GND Pin=C30-1
Added Pin To Net: NetName=5V_WIFI Pin=C30-2
Added Pin To Net: NetName=GND Pin=C31-1
Added Pin To Net: NetName=5V_WIFI Pin=C31-2
Added Pin To Net: NetName=GND Pin=C32-1
Added Pin To Net: NetName=GND Pin=C33-2
Added Pin To Net: NetName=GND Pin=C34-2
Added Pin To Net: NetName=GND Pin=D2-1
Added Pin To Net: NetName=GND Pin=D3-1
Added Pin To Net: NetName=GND Pin=D4-1
Added Pin To Net: NetName=5V_WIFI Pin=D6-1
Added Pin To Net: NetName=GND Pin=D11-1
Added Pin To Net: NetName=GND Pin=D12-1
Added Pin To Net: NetName=GND Pin=J2-5
Added Pin To Net: NetName=GND Pin=M4-4
Added Pin To Net: NetName=5V Pin=M4-5
Added Pin To Net: NetName=3V3_BLU Pin=M5-12
Added Pin To Net: NetName=GND Pin=M5-13
Added Pin To Net: NetName=GND Pin=M5-21
Added Pin To Net: NetName=GND Pin=M5-22
Added Pin To Net: NetName=GND Pin=M6-1
Added Pin To Net: NetName=3V3_RF Pin=M6-2
Added Pin To Net: NetName=BOOT1 Pin=M7-4
Added Pin To Net: NetName=GND Pin=M7-6
Added Pin To Net: NetName=GND Pin=M8-2
Added Pin To Net: NetName=5V Pin=M9-1
Added Pin To Net: NetName=GND Pin=M9-6
Added Pin To Net: NetName=GND Pin=M10-15
Added Pin To Net: NetName=GND Pin=P23-3
Added Pin To Net: NetName=GND Pin=P24-1
Added Pin To Net: NetName=BOOT1 Pin=P24-3
Added Pin To Net: NetName=3V3_RF Pin=P25-2
Added Pin To Net: NetName=3V3_RF Pin=P26-2
Added Pin To Net: NetName=GND Pin=P27-2
Added Pin To Net: NetName=GND Pin=P28-3
Added Pin To Net: NetName=GND Pin=P29-1
Added Pin To Net: NetName=3V3_DWM Pin=P30-2
Added Pin To Net: NetName=GND Pin=P31-3
Added Pin To Net: NetName=GND Pin=P32-4
Added Pin To Net: NetName=GND Pin=Q3-3
Added Pin To Net: NetName=GND Pin=Q4-3
Added Pin To Net: NetName=GND Pin=R19-1
Added Pin To Net: NetName=3V3_WIFI Pin=R20-1
Added Pin To Net: NetName=3V3_WIFI Pin=R22-1
Added Pin To Net: NetName=3V3_WIFI Pin=R23-2
Added Pin To Net: NetName=3V3_WIFI Pin=R24-1
Added Pin To Net: NetName=3V3_WIFI Pin=R25-1
Added Pin To Net: NetName=GND Pin=R27-1
Added Pin To Net: NetName=GND Pin=R28-1
Added Pin To Net: NetName=3V3_BLU Pin=S5-1
Added Pin To Net: NetName=GND Pin=S6-2
Added Pin To Net: NetName=GND Pin=S7-2
Added Pin To Net: NetName=GND Pin=U5-3
Added Pin To Net: NetName=3V3_WIFI Pin=U5-6
Added Pin To Net: NetName=3V3_WIFI Pin=U5-7
Added Pin To Net: NetName=5V_WIFI Pin=U5-8
Added Pin To Net: NetName=GND Pin=U5-29
Added Pin To Net: NetName=GND Pin=U6-1
Added Pin To Net: NetName=GND Pin=U6-11
Added Pin To Net: NetName=GND Pin=U6-24
Added Pin To Net: NetName=GND Pin=U6-34
Added Pin To Net: NetName=3V3_DWM_M Pin=C32-2
Added Pin To Net: NetName=3V3_DWM_M Pin=P28-4
Added Pin To Net: NetName=3V3_DWM_M Pin=P30-1
Added Pin To Net: NetName=3V3_DWM_M Pin=R31-2
Added Pin To Net: NetName=3V3_DWM_M Pin=R32-2
Added Pin To Net: NetName=3V3_DWM_M Pin=R33-2
Added Pin To Net: NetName=3V3_DWM_M Pin=R34-2
Added Pin To Net: NetName=3V3_DWM_M Pin=R35-2
Added Pin To Net: NetName=3V3_DWM_M Pin=R36-2
Added Pin To Net: NetName=3V3_DWM_M Pin=U6-12
Added Net: Name=3V3_DWM_M
Added Pin To Net: NetName=3V3 WIFI Pin=M10-8
Added Net: Name=3V3 WIFI
Added Pin To Net: NetName=5V_USB Pin=D6-2
Added Pin To Net: NetName=5V_USB Pin=J2-1
Added Net: Name=5V_USB
Added Pin To Net: NetName=BLU_KEY_HC05 Pin=M5-34
Added Pin To Net: NetName=BLU_KEY_HC05 Pin=P22-1
Added Net: Name=BLU_KEY_HC05
Added Pin To Net: NetName=BLU_KEY_HC06 Pin=M5-26
Added Pin To Net: NetName=BLU_KEY_HC06 Pin=P22-3
Added Net: Name=BLU_KEY_HC06
Added Pin To Net: NetName=BLU_KEY Pin=P22-2
Added Pin To Net: NetName=BLU_KEY Pin=R18-1
Added Pin To Net: NetName=BLU_KEY Pin=R19-2
Added Net: Name=BLU_KEY
Added Pin To Net: NetName=BLUE_ENB Pin=M4-6
Added Pin To Net: NetName=BLUE_ENB Pin=R18-2
Added Pin To Net: NetName=BLUE_ENB Pin=S5-2
Added Net: Name=BLUE_ENB
Added Pin To Net: NetName=BLUE_RX Pin=M4-2
Added Pin To Net: NetName=BLUE_RX Pin=M5-2
Added Pin To Net: NetName=BLUE_RX Pin=P23-2
Added Pin To Net: NetName=BLUE_RX Pin=U1-30
Added Net: Name=BLUE_RX
Added Pin To Net: NetName=BLUE_TX Pin=M4-3
Added Pin To Net: NetName=BLUE_TX Pin=M5-1
Added Pin To Net: NetName=BLUE_TX Pin=P23-1
Added Pin To Net: NetName=BLUE_TX Pin=U1-31
Added Net: Name=BLUE_TX
Added Pin To Net: NetName=CP2102_DTR Pin=Q6-2
Added Pin To Net: NetName=CP2102_DTR Pin=R29-1
Added Pin To Net: NetName=CP2102_DTR Pin=U5-28
Added Net: Name=CP2102_DTR
Added Pin To Net: NetName=CP2102_RTS Pin=Q5-2
Added Pin To Net: NetName=CP2102_RTS Pin=R30-2
Added Pin To Net: NetName=CP2102_RTS Pin=U5-24
Added Net: Name=CP2102_RTS
Added Pin To Net: NetName=DWM_BLE_WK Pin=C34-1
Added Pin To Net: NetName=DWM_BLE_WK Pin=R36-1
Added Pin To Net: NetName=DWM_BLE_WK Pin=S7-1
Added Pin To Net: NetName=DWM_BLE_WK Pin=U6-32
Added Net: Name=DWM_BLE_WK
Added Pin To Net: NetName=DWM_nRST Pin=C33-1
Added Pin To Net: NetName=DWM_nRST Pin=P27-1
Added Pin To Net: NetName=DWM_nRST Pin=R35-1
Added Pin To Net: NetName=DWM_nRST Pin=S6-1
Added Pin To Net: NetName=DWM_nRST Pin=U6-33
Added Net: Name=DWM_nRST
Added Pin To Net: NetName=DWM_READY Pin=P32-2
Added Net: Name=DWM_READY
Added Pin To Net: NetName=DWM_RX_LED Pin=R38-2
Added Pin To Net: NetName=DWM_RX_LED Pin=U6-31
Added Net: Name=DWM_RX_LED
Added Pin To Net: NetName=DWM_RX Pin=P32-3
Added Net: Name=DWM_RX
Added Pin To Net: NetName=DWM_SCL Pin=P31-1
Added Pin To Net: NetName=DWM_SCL Pin=U6-25
Added Net: Name=DWM_SCL
Added Pin To Net: NetName=DWM_SDA Pin=P31-2
Added Pin To Net: NetName=DWM_SDA Pin=U6-23
Added Net: Name=DWM_SDA
Added Pin To Net: NetName=DWM_SPI_CLK Pin=P29-3
Added Pin To Net: NetName=DWM_SPI_CLK Pin=U1-26
Added Pin To Net: NetName=DWM_SPI_CLK Pin=U6-28
Added Net: Name=DWM_SPI_CLK
Added Pin To Net: NetName=DWM_SPI_CSn Pin=P29-2
Added Pin To Net: NetName=DWM_SPI_CSn Pin=U1-25
Added Pin To Net: NetName=DWM_SPI_CSn Pin=U6-29
Added Net: Name=DWM_SPI_CSn
Added Pin To Net: NetName=DWM_SPI_MISO Pin=P29-5
Added Pin To Net: NetName=DWM_SPI_MISO Pin=U1-27
Added Pin To Net: NetName=DWM_SPI_MISO Pin=U6-26
Added Net: Name=DWM_SPI_MISO
Added Pin To Net: NetName=DWM_SPI_MOSI Pin=P29-4
Added Pin To Net: NetName=DWM_SPI_MOSI Pin=U1-28
Added Pin To Net: NetName=DWM_SPI_MOSI Pin=U6-27
Added Net: Name=DWM_SPI_MOSI
Added Pin To Net: NetName=DWM_SWCLK Pin=P28-2
Added Pin To Net: NetName=DWM_SWCLK Pin=U6-2
Added Net: Name=DWM_SWCLK
Added Pin To Net: NetName=DWM_SWDIO Pin=P28-1
Added Pin To Net: NetName=DWM_SWDIO Pin=U6-3
Added Net: Name=DWM_SWDIO
Added Pin To Net: NetName=DWM_TX_LED Pin=R37-2
Added Pin To Net: NetName=DWM_TX_LED Pin=U6-30
Added Net: Name=DWM_TX_LED
Added Pin To Net: NetName=DWM_TX Pin=P32-1
Added Net: Name=DWM_TX
Added Pin To Net: NetName=ESP_ADC Pin=M10-2
Added Net: Name=ESP_ADC
Added Pin To Net: NetName=ESP_ENB Pin=M10-3
Added Pin To Net: NetName=ESP_ENB Pin=R24-2
Added Net: Name=ESP_ENB
Added Pin To Net: NetName=ESP_GPIO0 Pin=M10-18
Added Pin To Net: NetName=ESP_GPIO0 Pin=Q6-3
Added Pin To Net: NetName=ESP_GPIO0 Pin=R20-2
Added Net: Name=ESP_GPIO0
Added Pin To Net: NetName=ESP_GPIO2 Pin=M10-17
Added Pin To Net: NetName=ESP_GPIO2 Pin=R22-2
Added Net: Name=ESP_GPIO2
Added Pin To Net: NetName=ESP_GPIO4 Pin=M10-19
Added Net: Name=ESP_GPIO4
Added Pin To Net: NetName=ESP_GPIO5 Pin=M10-20
Added Net: Name=ESP_GPIO5
Added Pin To Net: NetName=ESP_GPIO9 Pin=M10-11
Added Net: Name=ESP_GPIO9
Added Pin To Net: NetName=ESP_GPIO10 Pin=M10-12
Added Net: Name=ESP_GPIO10
Added Pin To Net: NetName=ESP_GPIO12 Pin=M10-6
Added Net: Name=ESP_GPIO12
Added Pin To Net: NetName=ESP_GPIO13 Pin=M10-7
Added Net: Name=ESP_GPIO13
Added Pin To Net: NetName=ESP_GPIO14 Pin=M10-5
Added Net: Name=ESP_GPIO14
Added Pin To Net: NetName=ESP_GPIO15 Pin=M10-16
Added Pin To Net: NetName=ESP_GPIO15 Pin=R27-2
Added Net: Name=ESP_GPIO15
Added Pin To Net: NetName=ESP_GPIO16 Pin=M10-4
Added Net: Name=ESP_GPIO16
Added Pin To Net: NetName=ESP_nRST Pin=C27-2
Added Pin To Net: NetName=ESP_nRST Pin=M10-1
Added Pin To Net: NetName=ESP_nRST Pin=Q5-3
Added Pin To Net: NetName=ESP_nRST Pin=R25-2
Added Net: Name=ESP_nRST
Added Pin To Net: NetName=ESP_RX Pin=Q3-2
Added Pin To Net: NetName=ESP_RX Pin=Q4-2
Added Pin To Net: NetName=ESP_RX Pin=R23-1
Added Net: Name=ESP_RX
Added Pin To Net: NetName=ESP_SPI_CLK Pin=M10-14
Added Net: Name=ESP_SPI_CLK
Added Pin To Net: NetName=ESP_SPI_INT Pin=M10-13
Added Net: Name=ESP_SPI_INT
Added Pin To Net: NetName=ESP_SPI_MISO Pin=M10-10
Added Net: Name=ESP_SPI_MISO
Added Pin To Net: NetName=ESP_SPI_MOSI Pin=M10-9
Added Net: Name=ESP_SPI_MOSI
Added Pin To Net: NetName=ESP_TX Pin=M10-22
Added Pin To Net: NetName=ESP_TX Pin=U1-13
Added Pin To Net: NetName=ESP_TX Pin=U5-25
Added Net: Name=ESP_TX
Added Pin To Net: NetName=NetC23_2 Pin=C23-2
Added Pin To Net: NetName=NetC23_2 Pin=M7-1
Added Pin To Net: NetName=NetC23_2 Pin=P24-6
Added Pin To Net: NetName=NetC23_2 Pin=P25-1
Added Net: Name=NetC23_2
Added Pin To Net: NetName=NetC25_2 Pin=C25-2
Added Pin To Net: NetName=NetC25_2 Pin=M8-1
Added Pin To Net: NetName=NetC25_2 Pin=P26-1
Added Net: Name=NetC25_2
Added Pin To Net: NetName=NetD2_2 Pin=D2-2
Added Pin To Net: NetName=NetD2_2 Pin=R15-2
Added Net: Name=NetD2_2
Added Pin To Net: NetName=NetD3_2 Pin=D3-2
Added Pin To Net: NetName=NetD3_2 Pin=R16-2
Added Net: Name=NetD3_2
Added Pin To Net: NetName=NetD4_2 Pin=D4-2
Added Pin To Net: NetName=NetD4_2 Pin=R17-2
Added Net: Name=NetD4_2
Added Pin To Net: NetName=NetD5_1 Pin=D5-1
Added Pin To Net: NetName=NetD5_1 Pin=R28-2
Added Net: Name=NetD5_1
Added Pin To Net: NetName=NetD5_2 Pin=D5-2
Added Pin To Net: NetName=NetD5_2 Pin=U5-12
Added Net: Name=NetD5_2
Added Pin To Net: NetName=NetD7_1 Pin=D7-1
Added Pin To Net: NetName=NetD7_1 Pin=U6-7
Added Net: Name=NetD7_1
Added Pin To Net: NetName=NetD7_2 Pin=D7-2
Added Pin To Net: NetName=NetD7_2 Pin=R31-1
Added Net: Name=NetD7_2
Added Pin To Net: NetName=NetD8_1 Pin=D8-1
Added Pin To Net: NetName=NetD8_1 Pin=U6-8
Added Net: Name=NetD8_1
Added Pin To Net: NetName=NetD8_2 Pin=D8-2
Added Pin To Net: NetName=NetD8_2 Pin=R32-1
Added Net: Name=NetD8_2
Added Pin To Net: NetName=NetD9_1 Pin=D9-1
Added Pin To Net: NetName=NetD9_1 Pin=U6-9
Added Net: Name=NetD9_1
Added Pin To Net: NetName=NetD9_2 Pin=D9-2
Added Pin To Net: NetName=NetD9_2 Pin=R33-1
Added Net: Name=NetD9_2
Added Pin To Net: NetName=NetD10_1 Pin=D10-1
Added Pin To Net: NetName=NetD10_1 Pin=U6-10
Added Net: Name=NetD10_1
Added Pin To Net: NetName=NetD10_2 Pin=D10-2
Added Pin To Net: NetName=NetD10_2 Pin=R34-1
Added Net: Name=NetD10_2
Added Pin To Net: NetName=NetD11_2 Pin=D11-2
Added Pin To Net: NetName=NetD11_2 Pin=R37-1
Added Net: Name=NetD11_2
Added Pin To Net: NetName=NetD12_2 Pin=D12-2
Added Pin To Net: NetName=NetD12_2 Pin=R38-1
Added Net: Name=NetD12_2
Added Pin To Net: NetName=NetLabel73 Pin=M10-21
Added Net: Name=NetLabel73
Added Pin To Net: NetName=NetM5_11 Pin=M5-11
Added Pin To Net: NetName=NetM5_11 Pin=U1-14
Added Net: Name=NetM5_11
Added Pin To Net: NetName=NetM5_24 Pin=M5-24
Added Pin To Net: NetName=NetM5_24 Pin=R17-1
Added Net: Name=NetM5_24
Added Pin To Net: NetName=NetM5_31 Pin=M5-31
Added Pin To Net: NetName=NetM5_31 Pin=R16-1
Added Net: Name=NetM5_31
Added Pin To Net: NetName=NetM5_32 Pin=M5-32
Added Pin To Net: NetName=NetM5_32 Pin=R15-1
Added Net: Name=NetM5_32
Added Pin To Net: NetName=NetM6_3 Pin=M6-3
Added Net: Name=NetM6_3
Added Pin To Net: NetName=NetM6_4 Pin=M6-4
Added Pin To Net: NetName=NetM6_4 Pin=U1-38
Added Net: Name=NetM6_4
Added Pin To Net: NetName=NetM6_5 Pin=M6-5
Added Pin To Net: NetName=NetM6_5 Pin=U1-39
Added Net: Name=NetM6_5
Added Pin To Net: NetName=NetM6_6 Pin=M6-6
Added Pin To Net: NetName=NetM6_6 Pin=U1-41
Added Net: Name=NetM6_6
Added Pin To Net: NetName=NetM6_7 Pin=M6-7
Added Pin To Net: NetName=NetM6_7 Pin=U1-40
Added Net: Name=NetM6_7
Added Pin To Net: NetName=NetM6_8 Pin=M6-8
Added Pin To Net: NetName=NetM6_8 Pin=U1-33
Added Net: Name=NetM6_8
Added Pin To Net: NetName=NetQ3_1 Pin=Q3-1
Added Pin To Net: NetName=NetQ3_1 Pin=R21-2
Added Net: Name=NetQ3_1
Added Pin To Net: NetName=NetQ4_1 Pin=Q4-1
Added Pin To Net: NetName=NetQ4_1 Pin=R26-1
Added Net: Name=NetQ4_1
Added Pin To Net: NetName=NetQ5_1 Pin=Q5-1
Added Pin To Net: NetName=NetQ5_1 Pin=R29-2
Added Net: Name=NetQ5_1
Added Pin To Net: NetName=NetQ6_1 Pin=Q6-1
Added Pin To Net: NetName=NetQ6_1 Pin=R30-1
Added Net: Name=NetQ6_1
Added Pin To Net: NetName=NetR21_1 Pin=R21-1
Added Pin To Net: NetName=NetR21_1 Pin=U1-12
Added Net: Name=NetR21_1
Added Pin To Net: NetName=NetR26_2 Pin=R26-2
Added Pin To Net: NetName=NetR26_2 Pin=U5-26
Added Net: Name=NetR26_2
Added Pin To Net: NetName=NetU6_18 Pin=U6-18
Added Net: Name=NetU6_18
Added Pin To Net: NetName=NetU6_19 Pin=U6-19
Added Net: Name=NetU6_19
Added Pin To Net: NetName=NetU6_20 Pin=U6-20
Added Net: Name=NetU6_20
Added Pin To Net: NetName=RF_CS Pin=M7-5
Added Pin To Net: NetName=RF_CS Pin=M8-5
Added Pin To Net: NetName=RF_CS Pin=P24-2
Added Net: Name=RF_CS
Added Pin To Net: NetName=RF_RXD Pin=M7-2
Added Pin To Net: NetName=RF_RXD Pin=M8-3
Added Pin To Net: NetName=RF_RXD Pin=M9-2
Added Pin To Net: NetName=RF_RXD Pin=P24-5
Added Pin To Net: NetName=RF_RXD Pin=U1-21
Added Net: Name=RF_RXD
Added Pin To Net: NetName=RF_TXD Pin=M7-3
Added Pin To Net: NetName=RF_TXD Pin=M8-4
Added Pin To Net: NetName=RF_TXD Pin=M9-3
Added Pin To Net: NetName=RF_TXD Pin=P24-4
Added Pin To Net: NetName=RF_TXD Pin=U1-22
Added Net: Name=RF_TXD
Added Pin To Net: NetName=USB_D_N Pin=J2-2
Added Pin To Net: NetName=USB_D_N Pin=U5-5
Added Net: Name=USB_D_N
Added Pin To Net: NetName=USB_D_P Pin=J2-3
Added Pin To Net: NetName=USB_D_P Pin=U5-4
Added Net: Name=USB_D_P
Added Class: Name=Bluetooth
Added Class: Name=Decawave
Added Class: Name=RF
Added Class: Name=Wifi
Added Differential Pair: Name=USB_D
Added Member To Class: ClassName=Motor_Controller Member=Component C20 Cap-Al-100uF-16V-D6L5
Added Member To Class: ClassName=MCU Member=Component P2 Header 3
Added Member To Class: ClassName=Motor_Controller Member=Component P8 Header 2
Added Member To Class: ClassName=Motor_Controller Member=Component P9 Header 2
Added Member To Class: ClassName=Motor_Controller Member=Component P10 Header 3
Added Member To Class: ClassName=Motor_Controller Member=Component P12 691322310004
Added Member To Class: ClassName=Motor_Controller Member=Component P13 Header 3
Added Member To Class: ClassName=Motor_Controller Member=Component P14 Header 3
Added Member To Class: ClassName=Motor_Controller Member=Component R10 Res-1K-0805
Added Room: Name=Bluetooth
Added Room: Name=Decawave
Added Room: Name=RF
Added Room: Name=Wifi
