Change Component Footprint: Designator=C19 Old Footprint=CAP_SM_TAN New Footprint=CAP-SM-AL-SIZE-D-D6L6
Change Component Footprint: Designator=C20 Old Footprint=CAP_SM_TAN New Footprint=CAP-SM-AL-SIZE-D-D6L6
Change Component Comment : Designator=C19 Old Comment=TAJB107M006RNJ New Comment=Cap-Al-100uF-16V-D6L5
Change Component Comment : Designator=C20 Old Comment=TAJB107M006RNJ New Comment=Cap-Al-100uF-16V-D6L5
Change component parameters: Designator = "C19"; Footprint = "CAP-SM-AL-SIZE-D-D6L6"; UniqueID = "\YPEDTNJS"
Change component parameters. Clean all parameters for all variants
Change component parameters (AddParameter): Name = "Local Supplier"; Value = "thegioiic"; VariantName = "[No Variations]"
Change component parameters (AddParameter): Name = "Local Supplier Link"; Value = "https://thegioiic.com/products/tu-nhom-smd-100uf-16v-d6-3l5-4"; VariantName = "[No Variations]"
Change component parameters (AddParameter): Name = "Manufacturer"; Value = "Nichicon"; VariantName = "[No Variations]"
Change component parameters (AddParameter): Name = "Manufacturer Part Number"; Value = "UWX1C101MCL1GB"; VariantName = "[No Variations]"
Change component parameters (AddParameter): Name = "Supplier 1"; Value = "Digikey"; VariantName = "[No Variations]"
Change component parameters (AddParameter): Name = "Supplier 1 Link"; Value = "https://www.digikey.com/product-detail/en/nichicon/UWX1C101MCL1GB/493-2105-1-ND/590080"; VariantName = "[No Variations]"
Change component parameters (AddParameter): Name = "Supplier 1 Part Number"; Value = "493-2105-1-ND"; VariantName = "[No Variations]"
Change component parameters (AddParameter): Name = "Value"; Value = "100uF/16V"; VariantName = "[No Variations]"
Change component parameters: Designator = "C20"; Footprint = "CAP-SM-AL-SIZE-D-D6L6"; UniqueID = "\RDDSPCNC"
Change component parameters. Clean all parameters for all variants
Change component parameters (AddParameter): Name = "Local Supplier"; Value = "thegioiic"; VariantName = "[No Variations]"
Change component parameters (AddParameter): Name = "Local Supplier Link"; Value = "https://thegioiic.com/products/tu-nhom-smd-100uf-16v-d6-3l5-4"; VariantName = "[No Variations]"
Change component parameters (AddParameter): Name = "Manufacturer"; Value = "Nichicon"; VariantName = "[No Variations]"
Change component parameters (AddParameter): Name = "Manufacturer Part Number"; Value = "UWX1C101MCL1GB"; VariantName = "[No Variations]"
Change component parameters (AddParameter): Name = "Supplier 1"; Value = "Digikey"; VariantName = "[No Variations]"
Change component parameters (AddParameter): Name = "Supplier 1 Link"; Value = "https://www.digikey.com/product-detail/en/nichicon/UWX1C101MCL1GB/493-2105-1-ND/590080"; VariantName = "[No Variations]"
Change component parameters (AddParameter): Name = "Supplier 1 Part Number"; Value = "493-2105-1-ND"; VariantName = "[No Variations]"
Change component parameters (AddParameter): Name = "Value"; Value = "100uF/16V"; VariantName = "[No Variations]"
